Transforming tables from EPA CEMS:
Extracting EPA CEMS data...
    1995:
        AL: 1 2 3 4 5 6 7 8 9 10 11 12  
            (1995, 'AL'): 122640 records
        AR: 1 2 3 4 5 6 7 8 9 10 11 12  
            (1995, 'AR'): 0 records
        AZ: 1 2 3 4 5 6 7 8 9 10 11 12  
            (1995, 'AZ'): 0 records
        CA: 1 2 3 4 5 6 7 8 9 10 11 12  
            (1995, 'CA'): 0 records
        CO: 1 2 3 4 5 6 7 8 9 10 11 12  
            (1995, 'CO'): 0 records
        CT: 1 2 3 4 5 6 7 8 9 10 11 12  
            (1995, 'CT'): 0 records
        DC: 1 2 3 4 5 6 7 8 9 10 11 12  
            (1995, 'DC'): 0 records
        DE: 1 2 3 4 5 6 7 8 9 10 11 12  
            (1995, 'DE'): 0 records
        FL: 1 2 3 4 5 6 7 8 9 10 11 12  
            (1995, 'FL'): 87600 records
        GA: 1 2 3 4 5 6 7 8 9 10 11 12  
            (1995, 'GA'): 297840 records
        IA: 1 2 3 4 5 6 7 8 9 10 11 12  
            (1995, 'IA'): 43800 records
        ID: 1 2 3 4 5 6 7 8 9 10 11 12  
            (1995, 'ID'): 0 records
        IL: 1 2 3 4 5 6 7 8 9 10 11 12  
            (1995, 'IL'): 350400 records
        IN: 1 2 3 4 5 6 7 8 9 10 11 12  
            (1995, 'IN'): 367920 records
        KS: 1 2 3 4 5 6 7 8 9 10 11 12  
            (1995, 'KS'): 26280 records
        KY: 1 2 3 4 5 6 7 8 9 10 11 12  
            (1995, 'KY'): 219000 records
        LA: 1 2 3 4 5 6 7 8 9 10 11 12  
            (1995, 'LA'): 0 records
        MA: 1 2 3 4 5 6 7 8 9 10 11 12  
            (1995, 'MA'): 70080 records
        MD: 1 2 3 4 5 6 7 8 9 10 11 12  
            (1995, 'MD'): 87600 records
        ME: 1 2 3 4 5 6 7 8 9 10 11 12  
            (1995, 'ME'): 0 records
        MI: 1 2 3 4 5 6 7 8 9 10 11 12  
            (1995, 'MI'): 87600 records
        MN: 1 2 3 4 5 6 7 8 9 10 11 12  
            (1995, 'MN'): 52560 records
        MO: 1 2 3 4 5 6 7 8 9 10 11 12  
            (1995, 'MO'): 262800 records
        MS: 1 2 3 4 5 6 7 8 9 10 11 12  
            (1995, 'MS'): 50400 records
        MT: 1 2 3 4 5 6 7 8 9 10 11 12  
            (1995, 'MT'): 0 records
        NC: 1 2 3 4 5 6 7 8 9 10 11 12  
            (1995, 'NC'): 0 records
        ND: 1 2 3 4 5 6 7 8 9 10 11 12  
            (1995, 'ND'): 0 records
        NE: 1 2 3 4 5 6 7 8 9 10 11 12  
            (1995, 'NE'): 0 records
        NH: 1 2 3 4 5 6 7 8 9 10 11 12  
            (1995, 'NH'): 26280 records
        NJ: 1 2 3 4 5 6 7 8 9 10 11 12  
            (1995, 'NJ'): 17520 records
        NM: 1 2 3 4 5 6 7 8 9 10 11 12  
            (1995, 'NM'): 0 records
        NV: 1 2 3 4 5 6 7 8 9 10 11 12  
            (1995, 'NV'): 0 records
        NY: 1 2 3 4 5 6 7 8 9 10 11 12  
            (1995, 'NY'): 183960 records
        OH: 1 2 3 4 5 6 7 8 9 10 11 12  
            (1995, 'OH'): 593832 records
        OK: 1 2 3 4 5 6 7 8 9 10 11 12  
            (1995, 'OK'): 0 records
        OR: 1 2 3 4 5 6 7 8 9 10 11 12  
            (1995, 'OR'): 0 records
        PA: 1 2 3 4 5 6 7 8 9 10 11 12  
            (1995, 'PA'): 236592 records
        RI: 1 2 3 4 5 6 7 8 9 10 11 12  
            (1995, 'RI'): 0 records
        SC: 1 2 3 4 5 6 7 8 9 10 11 12  
            (1995, 'SC'): 0 records
        SD: 1 2 3 4 5 6 7 8 9 10 11 12  
            (1995, 'SD'): 0 records
        TN: 1 2 3 4 5 6 7 8 9 10 11 12  
            (1995, 'TN'): 166440 records
        TX: 1 2 3 4 5 6 7 8 9 10 11 12  
            (1995, 'TX'): 0 records
        UT: 1 2 3 4 5 6 7 8 9 10 11 12  
            (1995, 'UT'): 8760 records
        VA: 1 2 3 4 5 6 7 8 9 10 11 12  
            (1995, 'VA'): 0 records
        VT: 1 2 3 4 5 6 7 8 9 10 11 12  
            (1995, 'VT'): 0 records
        WA: 1 2 3 4 5 6 7 8 9 10 11 12  
            (1995, 'WA'): 0 records
        WI: 1 2 3 4 5 6 7 8 9 10 11 12  
            (1995, 'WI'): 258456 records
        WV: 1 2 3 4 5 6 7 8 9 10 11 12  
            (1995, 'WV'): 192720 records
        WY: 1 2 3 4 5 6 7 8 9 10 11 12  
            (1995, 'WY'): 35040 records
    1996:
        AL: 1 2 3 4 5 6 7 8 9 10 11 12  
            (1996, 'AL'): 105408 records
        AR: 1 2 3 4 5 6 7 8 9 10 11 12  
            (1996, 'AR'): 0 records
        AZ: 1 2 3 4 5 6 7 8 9 10 11 12  
            (1996, 'AZ'): 0 records
        CA: 1 2 3 4 5 6 7 8 9 10 11 12  
            (1996, 'CA'): 0 records
        CO: 1 2 3 4 5 6 7 8 9 10 11 12  
            (1996, 'CO'): 0 records
        CT: 1 2 3 4 5 6 7 8 9 10 11 12  
            (1996, 'CT'): 0 records
        DC: 1 2 3 4 5 6 7 8 9 10 11 12  
            (1996, 'DC'): 0 records
        DE: 1 2 3 4 5 6 7 8 9 10 11 12  
            (1996, 'DE'): 0 records
        FL: 1 2 3 4 5 6 7 8 9 10 11 12  
            (1996, 'FL'): 87840 records
        GA: 1 2 3 4 5 6 7 8 9 10 11 12  
            (1996, 'GA'): 289872 records
        IA: 1 2 3 4 5 6 7 8 9 10 11 12  
            (1996, 'IA'): 43920 records
        ID: 1 2 3 4 5 6 7 8 9 10 11 12  
            (1996, 'ID'): 0 records
        IL: 1 2 3 4 5 6 7 8 9 10 11 12  
            (1996, 'IL'): 342576 records
        IN: 1 2 3 4 5 6 7 8 9 10 11 12  
            (1996, 'IN'): 347040 records
        KS: 1 2 3 4 5 6 7 8 9 10 11 12  
            (1996, 'KS'): 17568 records
        KY: 1 2 3 4 5 6 7 8 9 10 11 12  
            (1996, 'KY'): 219600 records
        LA: 1 2 3 4 5 6 7 8 9 10 11 12  
            (1996, 'LA'): 0 records
        MA: 1 2 3 4 5 6 7 8 9 10 11 12  
            (1996, 'MA'): 17568 records
        MD: 1 2 3 4 5 6 7 8 9 10 11 12  
            (1996, 'MD'): 87840 records
        ME: 1 2 3 4 5 6 7 8 9 10 11 12  
            (1996, 'ME'): 0 records
        MI: 1 2 3 4 5 6 7 8 9 10 11 12  
            (1996, 'MI'): 79056 records
        MN: 1 2 3 4 5 6 7 8 9 10 11 12  
            (1996, 'MN'): 52704 records
        MO: 1 2 3 4 5 6 7 8 9 10 11 12  
            (1996, 'MO'): 254736 records
        MS: 1 2 3 4 5 6 7 8 9 10 11 12  
            (1996, 'MS'): 43920 records
        MT: 1 2 3 4 5 6 7 8 9 10 11 12  
            (1996, 'MT'): 0 records
        NC: 1 2 3 4 5 6 7 8 9 10 11 12  
            (1996, 'NC'): 0 records
        ND: 1 2 3 4 5 6 7 8 9 10 11 12  
            (1996, 'ND'): 0 records
        NE: 1 2 3 4 5 6 7 8 9 10 11 12  
            (1996, 'NE'): 0 records
        NH: 1 2 3 4 5 6 7 8 9 10 11 12  
            (1996, 'NH'): 26352 records
        NJ: 1 2 3 4 5 6 7 8 9 10 11 12  
            (1996, 'NJ'): 17568 records
        NM: 1 2 3 4 5 6 7 8 9 10 11 12  
            (1996, 'NM'): 0 records
        NV: 1 2 3 4 5 6 7 8 9 10 11 12  
            (1996, 'NV'): 0 records
        NY: 1 2 3 4 5 6 7 8 9 10 11 12  
            (1996, 'NY'): 140544 records
        OH: 1 2 3 4 5 6 7 8 9 10 11 12  
            (1996, 'OH'): 647808 records
        OK: 1 2 3 4 5 6 7 8 9 10 11 12  
            (1996, 'OK'): 0 records
        OR: 1 2 3 4 5 6 7 8 9 10 11 12  
            (1996, 'OR'): 0 records
        PA: 1 2 3 4 5 6 7 8 9 10 11 12  
            (1996, 'PA'): 254736 records
        RI: 1 2 3 4 5 6 7 8 9 10 11 12  
            (1996, 'RI'): 0 records
        SC: 1 2 3 4 5 6 7 8 9 10 11 12  
            (1996, 'SC'): 0 records
        SD: 1 2 3 4 5 6 7 8 9 10 11 12  
            (1996, 'SD'): 0 records
        TN: 1 2 3 4 5 6 7 8 9 10 11 12  
            (1996, 'TN'): 166896 records
        TX: 1 2 3 4 5 6 7 8 9 10 11 12  
            (1996, 'TX'): 0 records
        UT: 1 2 3 4 5 6 7 8 9 10 11 12  
            (1996, 'UT'): 0 records
        VA: 1 2 3 4 5 6 7 8 9 10 11 12  
            (1996, 'VA'): 0 records
        VT: 1 2 3 4 5 6 7 8 9 10 11 12  
            (1996, 'VT'): 0 records
        WA: 1 2 3 4 5 6 7 8 9 10 11 12  
            (1996, 'WA'): 0 records
        WI: 1 2 3 4 5 6 7 8 9 10 11 12  
            (1996, 'WI'): 199848 records
        WV: 1 2 3 4 5 6 7 8 9 10 11 12  
            (1996, 'WV'): 166896 records
        WY: 1 2 3 4 5 6 7 8 9 10 11 12  
            (1996, 'WY'): 35136 records
    1997:
        AL: 1 2 3 4 5 6 7 8 9 10 11 12  
            (1997, 'AL'): 446760 records
        AR: 1 2 3 4 5 6 7 8 9 10 11 12  
            (1997, 'AR'): 122640 records
        AZ: 1 2 3 4 5 6 7 8 9 10 11 12  
            (1997, 'AZ'): 262800 records
        CA: 1 2 3 4 5 6 7 8 9 10 11 12  
            (1997, 'CA'): 860760 records
        CO: 1 2 3 4 5 6 7 8 9 10 11 12  
            (1997, 'CO'): 245280 records
        CT: 1 2 3 4 5 6 7 8 9 10 11 12  
            (1997, 'CT'): 183960 records
        DC: 1 2 3 4 5 6 7 8 9 10 11 12  
            (1997, 'DC'): 17520 records
        DE: 1 2 3 4 5 6 7 8 9 10 11 12  
            (1997, 'DE'): 87600 records
        FL: 1 2 3 4 5 6 7 8 9 10 11 12  
            (1997, 'FL'): 1228608 records
        GA: 1 2 3 4 5 6 7 8 9 10 11 12  
            (1997, 'GA'): 481800 records
        IA: 1 2 3 4 5 6 7 8 9 10 11 12  
            (1997, 'IA'): 332880 records
        ID: 1 2 3 4 5 6 7 8 9 10 11 12  
            (1997, 'ID'): 17520 records
        IL: 1 2 3 4 5 6 7 8 9 10 11 12  
            (1997, 'IL'): 781848 records
        IN: 1 2 3 4 5 6 7 8 9 10 11 12  
            (1997, 'IN'): 744600 records
        KS: 1 2 3 4 5 6 7 8 9 10 11 12  
            (1997, 'KS'): 321912 records
        KY: 1 2 3 4 5 6 7 8 9 10 11 12  
            (1997, 'KY'): 560640 records
        LA: 1 2 3 4 5 6 7 8 9 10 11 12  
            (1997, 'LA'): 464280 records
        MA: 1 2 3 4 5 6 7 8 9 10 11 12  
            (1997, 'MA'): 232200 records
        MD: 1 2 3 4 5 6 7 8 9 10 11 12  
            (1997, 'MD'): 271560 records
        ME: 1 2 3 4 5 6 7 8 9 10 11 12  
            (1997, 'ME'): 50424 records
        MI: 1 2 3 4 5 6 7 8 9 10 11 12  
            (1997, 'MI'): 613200 records
        MN: 1 2 3 4 5 6 7 8 9 10 11 12  
            (1997, 'MN'): 258456 records
        MO: 1 2 3 4 5 6 7 8 9 10 11 12  
            (1997, 'MO'): 335088 records
        MS: 1 2 3 4 5 6 7 8 9 10 11 12  
            (1997, 'MS'): 214656 records
        MT: 1 2 3 4 5 6 7 8 9 10 11 12  
            (1997, 'MT'): 52560 records
        NC: 1 2 3 4 5 6 7 8 9 10 11 12  
            (1997, 'NC'): 569400 records
        ND: 1 2 3 4 5 6 7 8 9 10 11 12  
            (1997, 'ND'): 105120 records
        NE: 1 2 3 4 5 6 7 8 9 10 11 12  
            (1997, 'NE'): 131400 records
        NH: 1 2 3 4 5 6 7 8 9 10 11 12  
            (1997, 'NH'): 52560 records
        NJ: 1 2 3 4 5 6 7 8 9 10 11 12  
            (1997, 'NJ'): 350400 records
        NM: 1 2 3 4 5 6 7 8 9 10 11 12  
            (1997, 'NM'): 184032 records
        NV: 1 2 3 4 5 6 7 8 9 10 11 12  
            (1997, 'NV'): 183960 records
        NY: 1 2 3 4 5 6 7 8 9 10 11 12  
            (1997, 'NY'): 786192 records
        OH: 1 2 3 4 5 6 7 8 9 10 11 12  
            (1997, 'OH'): 1009344 records
        OK: 1 2 3 4 5 6 7 8 9 10 11 12  
            (1997, 'OK'): 359160 records
        OR: 1 2 3 4 5 6 7 8 9 10 11 12  
            (1997, 'OR'): 35040 records
        PA: 1 2 3 4 5 6 7 8 9 10 11 12  
            (1997, 'PA'): 700800 records
        RI: 1 2 3 4 5 6 7 8 9 10 11 12  
            (1997, 'RI'): 26280 records
        SC: 1 2 3 4 5 6 7 8 9 10 11 12  
            (1997, 'SC'): 262872 records
        SD: 1 2 3 4 5 6 7 8 9 10 11 12  
            (1997, 'SD'): 70080 records
        TN: 1 2 3 4 5 6 7 8 9 10 11 12  
            (1997, 'TN'): 324120 records
        TX: 1 2 3 4 5 6 7 8 9 10 11 12  
            (1997, 'TX'): 1833096 records
        UT: 1 2 3 4 5 6 7 8 9 10 11 12  
            (1997, 'UT'): 113880 records
        VA: 1 2 3 4 5 6 7 8 9 10 11 12  
            (1997, 'VA'): 289152 records
        VT: 1 2 3 4 5 6 7 8 9 10 11 12  
            (1997, 'VT'): 8760 records
        WA: 1 2 3 4 5 6 7 8 9 10 11 12  
            (1997, 'WA'): 19728 records
        WI: 1 2 3 4 5 6 7 8 9 10 11 12  
            (1997, 'WI'): 593520 records
        WV: 1 2 3 4 5 6 7 8 9 10 11 12  
            (1997, 'WV'): 306600 records
        WY: 1 2 3 4 5 6 7 8 9 10 11 12  
            (1997, 'WY'): 140160 records
    1998:
        AL: 1 2 3 4 5 6 7 8 9 10 11 12  
            (1998, 'AL'): 459960 records
        AR: 1 2 3 4 5 6 7 8 9 10 11 12  
            (1998, 'AR'): 122640 records
        AZ: 1 2 3 4 5 6 7 8 9 10 11 12  
            (1998, 'AZ'): 262800 records
        CA: 1 2 3 4 5 6 7 8 9 10 11 12  
            (1998, 'CA'): 880416 records
        CO: 1 2 3 4 5 6 7 8 9 10 11 12  
            (1998, 'CO'): 245280 records
        CT: 1 2 3 4 5 6 7 8 9 10 11 12  
            (1998, 'CT'): 175200 records
        DC: 1 2 3 4 5 6 7 8 9 10 11 12  
            (1998, 'DC'): 17520 records
        DE: 1 2 3 4 5 6 7 8 9 10 11 12  
            (1998, 'DE'): 116304 records
        FL: 1 2 3 4 5 6 7 8 9 10 11 12  
            (1998, 'FL'): 1226400 records
        GA: 1 2 3 4 5 6 7 8 9 10 11 12  
            (1998, 'GA'): 497112 records
        IA: 1 2 3 4 5 6 7 8 9 10 11 12  
            (1998, 'IA'): 332880 records
        ID: 1 2 3 4 5 6 7 8 9 10 11 12  
            (1998, 'ID'): 17520 records
        IL: 1 2 3 4 5 6 7 8 9 10 11 12  
            (1998, 'IL'): 788400 records
        IN: 1 2 3 4 5 6 7 8 9 10 11 12  
            (1998, 'IN'): 749016 records
        KS: 1 2 3 4 5 6 7 8 9 10 11 12  
            (1998, 'KS'): 324120 records
        KY: 1 2 3 4 5 6 7 8 9 10 11 12  
            (1998, 'KY'): 560640 records
        LA: 1 2 3 4 5 6 7 8 9 10 11 12  
            (1998, 'LA'): 470880 records
        MA: 1 2 3 4 5 6 7 8 9 10 11 12  
            (1998, 'MA'): 258600 records
        MD: 1 2 3 4 5 6 7 8 9 10 11 12  
            (1998, 'MD'): 291432 records
        ME: 1 2 3 4 5 6 7 8 9 10 11 12  
            (1998, 'ME'): 67872 records
        MI: 1 2 3 4 5 6 7 8 9 10 11 12  
            (1998, 'MI'): 648240 records
        MN: 1 2 3 4 5 6 7 8 9 10 11 12  
            (1998, 'MN'): 262800 records
        MO: 1 2 3 4 5 6 7 8 9 10 11 12  
            (1998, 'MO'): 341640 records
        MS: 1 2 3 4 5 6 7 8 9 10 11 12  
            (1998, 'MS'): 219000 records
        MT: 1 2 3 4 5 6 7 8 9 10 11 12  
            (1998, 'MT'): 52560 records
        NC: 1 2 3 4 5 6 7 8 9 10 11 12  
            (1998, 'NC'): 569400 records
        ND: 1 2 3 4 5 6 7 8 9 10 11 12  
            (1998, 'ND'): 105120 records
        NE: 1 2 3 4 5 6 7 8 9 10 11 12  
            (1998, 'NE'): 140160 records
        NH: 1 2 3 4 5 6 7 8 9 10 11 12  
            (1998, 'NH'): 52560 records
        NJ: 1 2 3 4 5 6 7 8 9 10 11 12  
            (1998, 'NJ'): 357024 records
        NM: 1 2 3 4 5 6 7 8 9 10 11 12  
            (1998, 'NM'): 205920 records
        NV: 1 2 3 4 5 6 7 8 9 10 11 12  
            (1998, 'NV'): 183960 records
        NY: 1 2 3 4 5 6 7 8 9 10 11 12  
            (1998, 'NY'): 779640 records
        OH: 1 2 3 4 5 6 7 8 9 10 11 12  
            (1998, 'OH'): 1000920 records
        OK: 1 2 3 4 5 6 7 8 9 10 11 12  
            (1998, 'OK'): 359160 records
        OR: 1 2 3 4 5 6 7 8 9 10 11 12  
            (1998, 'OR'): 35040 records
        PA: 1 2 3 4 5 6 7 8 9 10 11 12  
            (1998, 'PA'): 833208 records
        RI: 1 2 3 4 5 6 7 8 9 10 11 12  
            (1998, 'RI'): 37320 records
        SC: 1 2 3 4 5 6 7 8 9 10 11 12  
            (1998, 'SC'): 278160 records
        SD: 1 2 3 4 5 6 7 8 9 10 11 12  
            (1998, 'SD'): 70080 records
        TN: 1 2 3 4 5 6 7 8 9 10 11 12  
            (1998, 'TN'): 297720 records
        TX: 1 2 3 4 5 6 7 8 9 10 11 12  
            (1998, 'TX'): 1863744 records
        UT: 1 2 3 4 5 6 7 8 9 10 11 12  
            (1998, 'UT'): 113880 records
        VA: 1 2 3 4 5 6 7 8 9 10 11 12  
            (1998, 'VA'): 297840 records
        VT: 1 2 3 4 5 6 7 8 9 10 11 12  
            (1998, 'VT'): 8760 records
        WA: 1 2 3 4 5 6 7 8 9 10 11 12  
            (1998, 'WA'): 26280 records
        WI: 1 2 3 4 5 6 7 8 9 10 11 12  
            (1998, 'WI'): 621960 records
        WV: 1 2 3 4 5 6 7 8 9 10 11 12  
            (1998, 'WV'): 306600 records
        WY: 1 2 3 4 5 6 7 8 9 10 11 12  
            (1998, 'WY'): 140160 records
    1999:
        AL: 1 2 3 4 5 6 7 8 9 10 11 12  
            (1999, 'AL'): 475296 records
        AR: 1 2 3 4 5 6 7 8 9 10 11 12  
            (1999, 'AR'): 157872 records
        AZ: 1 2 3 4 5 6 7 8 9 10 11 12  
            (1999, 'AZ'): 262800 records
        CA: 1 2 3 4 5 6 7 8 9 10 11 12  
            (1999, 'CA'): 898008 records
        CO: 1 2 3 4 5 6 7 8 9 10 11 12  
            (1999, 'CO'): 262872 records
        CT: 1 2 3 4 5 6 7 8 9 10 11 12  
            (1999, 'CT'): 331152 records
        DC: 1 2 3 4 5 6 7 8 9 10 11 12  
            (1999, 'DC'): 17520 records
        DE: 1 2 3 4 5 6 7 8 9 10 11 12  
            (1999, 'DE'): 236688 records
        FL: 1 2 3 4 5 6 7 8 9 10 11 12  
            (1999, 'FL'): 1215240 records
        GA: 1 2 3 4 5 6 7 8 9 10 11 12  
            (1999, 'GA'): 514776 records
        IA: 1 2 3 4 5 6 7 8 9 10 11 12  
            (1999, 'IA'): 346056 records
        ID: 1 2 3 4 5 6 7 8 9 10 11 12  
            (1999, 'ID'): 17520 records
        IL: 1 2 3 4 5 6 7 8 9 10 11 12  
            (1999, 'IL'): 834768 records
        IN: 1 2 3 4 5 6 7 8 9 10 11 12  
            (1999, 'IN'): 753360 records
        KS: 1 2 3 4 5 6 7 8 9 10 11 12  
            (1999, 'KS'): 341640 records
        KY: 1 2 3 4 5 6 7 8 9 10 11 12  
            (1999, 'KY'): 565056 records
        LA: 1 2 3 4 5 6 7 8 9 10 11 12  
            (1999, 'LA'): 508272 records
        MA: 1 2 3 4 5 6 7 8 9 10 11 12  
            (1999, 'MA'): 668520 records
        MD: 1 2 3 4 5 6 7 8 9 10 11 12  
            (1999, 'MD'): 385680 records
        ME: 1 2 3 4 5 6 7 8 9 10 11 12  
            (1999, 'ME'): 61320 records
        MI: 1 2 3 4 5 6 7 8 9 10 11 12  
            (1999, 'MI'): 705624 records
        MN: 1 2 3 4 5 6 7 8 9 10 11 12  
            (1999, 'MN'): 262800 records
        MO: 1 2 3 4 5 6 7 8 9 10 11 12  
            (1999, 'MO'): 359304 records
        MS: 1 2 3 4 5 6 7 8 9 10 11 12  
            (1999, 'MS'): 271992 records
        MT: 1 2 3 4 5 6 7 8 9 10 11 12  
            (1999, 'MT'): 52560 records
        NC: 1 2 3 4 5 6 7 8 9 10 11 12  
            (1999, 'NC'): 576000 records
        ND: 1 2 3 4 5 6 7 8 9 10 11 12  
            (1999, 'ND'): 105120 records
        NE: 1 2 3 4 5 6 7 8 9 10 11 12  
            (1999, 'NE'): 144576 records
        NH: 1 2 3 4 5 6 7 8 9 10 11 12  
            (1999, 'NH'): 74520 records
        NJ: 1 2 3 4 5 6 7 8 9 10 11 12  
            (1999, 'NJ'): 1048728 records
        NM: 1 2 3 4 5 6 7 8 9 10 11 12  
            (1999, 'NM'): 210240 records
        NV: 1 2 3 4 5 6 7 8 9 10 11 12  
            (1999, 'NV'): 183960 records
        NY: 1 2 3 4 5 6 7 8 9 10 11 12  
            (1999, 'NY'): 1928856 records
        OH: 1 2 3 4 5 6 7 8 9 10 11 12  
            (1999, 'OH'): 958608 records
        OK: 1 2 3 4 5 6 7 8 9 10 11 12  
            (1999, 'OK'): 376824 records
        OR: 1 2 3 4 5 6 7 8 9 10 11 12  
            (1999, 'OR'): 35040 records
        PA: 1 2 3 4 5 6 7 8 9 10 11 12  
            (1999, 'PA'): 1768560 records
        RI: 1 2 3 4 5 6 7 8 9 10 11 12  
            (1999, 'RI'): 70080 records
        SC: 1 2 3 4 5 6 7 8 9 10 11 12  
            (1999, 'SC'): 284736 records
        SD: 1 2 3 4 5 6 7 8 9 10 11 12  
            (1999, 'SD'): 70080 records
        TN: 1 2 3 4 5 6 7 8 9 10 11 12  
            (1999, 'TN'): 306744 records
        TX: 1 2 3 4 5 6 7 8 9 10 11 12  
            (1999, 'TX'): 1872504 records
        UT: 1 2 3 4 5 6 7 8 9 10 11 12  
            (1999, 'UT'): 113880 records
        VA: 1 2 3 4 5 6 7 8 9 10 11 12  
            (1999, 'VA'): 297840 records
        VT: 1 2 3 4 5 6 7 8 9 10 11 12  
            (1999, 'VT'): 8760 records
        WA: 1 2 3 4 5 6 7 8 9 10 11 12  
            (1999, 'WA'): 26280 records
        WI: 1 2 3 4 5 6 7 8 9 10 11 12  
            (1999, 'WI'): 621960 records
        WV: 1 2 3 4 5 6 7 8 9 10 11 12  
            (1999, 'WV'): 306600 records
        WY: 1 2 3 4 5 6 7 8 9 10 11 12  
            (1999, 'WY'): 140160 records
    2000:
        AL: 1 2 3 4 5 6 7 8 9 10 11 12  
            (2000, 'AL'): 496320 records
        AR: 1 2 3 4 5 6 7 8 9 10 11 12  
            (2000, 'AR'): 171312 records
        AZ: 1 2 3 4 5 6 7 8 9 10 11 12  
            (2000, 'AZ'): 250320 records
        CA: 1 2 3 4 5 6 7 8 9 10 11 12  
            (2000, 'CA'): 922320 records
        CO: 1 2 3 4 5 6 7 8 9 10 11 12  
            (2000, 'CO'): 292152 records
        CT: 1 2 3 4 5 6 7 8 9 10 11 12  
            (2000, 'CT'): 346968 records
        DC: 1 2 3 4 5 6 7 8 9 10 11 12  
            (2000, 'DC'): 17568 records
        DE: 1 2 3 4 5 6 7 8 9 10 11 12  
            (2000, 'DE'): 254760 records
        FL: 1 2 3 4 5 6 7 8 9 10 11 12  
            (2000, 'FL'): 1172784 records
        GA: 1 2 3 4 5 6 7 8 9 10 11 12  
            (2000, 'GA'): 676800 records
        IA: 1 2 3 4 5 6 7 8 9 10 11 12  
            (2000, 'IA'): 360144 records
        ID: 1 2 3 4 5 6 7 8 9 10 11 12  
            (2000, 'ID'): 17568 records
        IL: 1 2 3 4 5 6 7 8 9 10 11 12  
            (2000, 'IL'): 1015248 records
        IN: 1 2 3 4 5 6 7 8 9 10 11 12  
            (2000, 'IN'): 845712 records
        KS: 1 2 3 4 5 6 7 8 9 10 11 12  
            (2000, 'KS'): 349176 records
        KY: 1 2 3 4 5 6 7 8 9 10 11 12  
            (2000, 'KY'): 606096 records
        LA: 1 2 3 4 5 6 7 8 9 10 11 12  
            (2000, 'LA'): 555672 records
        MA: 1 2 3 4 5 6 7 8 9 10 11 12  
            (2000, 'MA'): 693960 records
        MD: 1 2 3 4 5 6 7 8 9 10 11 12  
            (2000, 'MD'): 437016 records
        ME: 1 2 3 4 5 6 7 8 9 10 11 12  
            (2000, 'ME'): 98880 records
        MI: 1 2 3 4 5 6 7 8 9 10 11 12  
            (2000, 'MI'): 772992 records
        MN: 1 2 3 4 5 6 7 8 9 10 11 12  
            (2000, 'MN'): 270120 records
        MO: 1 2 3 4 5 6 7 8 9 10 11 12  
            (2000, 'MO'): 408528 records
        MS: 1 2 3 4 5 6 7 8 9 10 11 12  
            (2000, 'MS'): 344856 records
        MT: 1 2 3 4 5 6 7 8 9 10 11 12  
            (2000, 'MT'): 52704 records
        NC: 1 2 3 4 5 6 7 8 9 10 11 12  
            (2000, 'NC'): 634824 records
        ND: 1 2 3 4 5 6 7 8 9 10 11 12  
            (2000, 'ND'): 105408 records
        NE: 1 2 3 4 5 6 7 8 9 10 11 12  
            (2000, 'NE'): 166992 records
        NH: 1 2 3 4 5 6 7 8 9 10 11 12  
            (2000, 'NH'): 74664 records
        NJ: 1 2 3 4 5 6 7 8 9 10 11 12  
            (2000, 'NJ'): 1150872 records
        NM: 1 2 3 4 5 6 7 8 9 10 11 12  
            (2000, 'NM'): 208632 records
        NV: 1 2 3 4 5 6 7 8 9 10 11 12  
            (2000, 'NV'): 197664 records
        NY: 1 2 3 4 5 6 7 8 9 10 11 12  
            (2000, 'NY'): 2079648 records
        OH: 1 2 3 4 5 6 7 8 9 10 11 12  
            (2000, 'OH'): 913824 records
        OK: 1 2 3 4 5 6 7 8 9 10 11 12  
            (2000, 'OK'): 395376 records
        OR: 1 2 3 4 5 6 7 8 9 10 11 12  
            (2000, 'OR'): 35136 records
        PA: 1 2 3 4 5 6 7 8 9 10 11 12  
            (2000, 'PA'): 1774416 records
        RI: 1 2 3 4 5 6 7 8 9 10 11 12  
            (2000, 'RI'): 74688 records
        SC: 1 2 3 4 5 6 7 8 9 10 11 12  
            (2000, 'SC'): 303120 records
        SD: 1 2 3 4 5 6 7 8 9 10 11 12  
            (2000, 'SD'): 70272 records
        TN: 1 2 3 4 5 6 7 8 9 10 11 12  
            (2000, 'TN'): 373584 records
        TX: 1 2 3 4 5 6 7 8 9 10 11 12  
            (2000, 'TX'): 1955592 records
        UT: 1 2 3 4 5 6 7 8 9 10 11 12  
            (2000, 'UT'): 114192 records
        VA: 1 2 3 4 5 6 7 8 9 10 11 12  
            (2000, 'VA'): 322944 records
        VT: 1 2 3 4 5 6 7 8 9 10 11 12  
            (2000, 'VT'): 8784 records
        WA: 1 2 3 4 5 6 7 8 9 10 11 12  
            (2000, 'WA'): 26352 records
        WI: 1 2 3 4 5 6 7 8 9 10 11 12  
            (2000, 'WI'): 641280 records
        WV: 1 2 3 4 5 6 7 8 9 10 11 12  
            (2000, 'WV'): 307440 records
        WY: 1 2 3 4 5 6 7 8 9 10 11 12  
            (2000, 'WY'): 144960 records
    2001:
        AL: 1 2 3 4 5 6 7 8 9 10 11 12  
            (2001, 'AL'): 532296 records
        AR: 1 2 3 4 5 6 7 8 9 10 11 12  
            (2001, 'AR'): 184008 records
        AZ: 1 2 3 4 5 6 7 8 9 10 11 12  
            (2001, 'AZ'): 282768 records
        CA: 1 2 3 4 5 6 7 8 9 10 11 12  
            (2001, 'CA'): 1019016 records
        CO: 1 2 3 4 5 6 7 8 9 10 11 12  
            (2001, 'CO'): 363696 records
        CT: 1 2 3 4 5 6 7 8 9 10 11 12  
            (2001, 'CT'): 370608 records
        DC: 1 2 3 4 5 6 7 8 9 10 11 12  
            (2001, 'DC'): 127392 records
        DE: 1 2 3 4 5 6 7 8 9 10 11 12  
            (2001, 'DE'): 287160 records
        FL: 1 2 3 4 5 6 7 8 9 10 11 12  
            (2001, 'FL'): 1283688 records
        GA: 1 2 3 4 5 6 7 8 9 10 11 12  
            (2001, 'GA'): 823824 records
        IA: 1 2 3 4 5 6 7 8 9 10 11 12  
            (2001, 'IA'): 359160 records
        ID: 1 2 3 4 5 6 7 8 9 10 11 12  
            (2001, 'ID'): 26352 records
        IL: 1 2 3 4 5 6 7 8 9 10 11 12  
            (2001, 'IL'): 1344024 records
        IN: 1 2 3 4 5 6 7 8 9 10 11 12  
            (2001, 'IN'): 1005912 records
        KS: 1 2 3 4 5 6 7 8 9 10 11 12  
            (2001, 'KS'): 357000 records
        KY: 1 2 3 4 5 6 7 8 9 10 11 12  
            (2001, 'KY'): 635304 records
        LA: 1 2 3 4 5 6 7 8 9 10 11 12  
            (2001, 'LA'): 589248 records
        MA: 1 2 3 4 5 6 7 8 9 10 11 12  
            (2001, 'MA'): 687984 records
        MD: 1 2 3 4 5 6 7 8 9 10 11 12  
            (2001, 'MD'): 438360 records
        ME: 1 2 3 4 5 6 7 8 9 10 11 12  
            (2001, 'ME'): 135840 records
        MI: 1 2 3 4 5 6 7 8 9 10 11 12  
            (2001, 'MI'): 808200 records
        MN: 1 2 3 4 5 6 7 8 9 10 11 12  
            (2001, 'MN'): 293784 records
        MO: 1 2 3 4 5 6 7 8 9 10 11 12  
            (2001, 'MO'): 508584 records
        MS: 1 2 3 4 5 6 7 8 9 10 11 12  
            (2001, 'MS'): 429432 records
        MT: 1 2 3 4 5 6 7 8 9 10 11 12  
            (2001, 'MT'): 52560 records
        NC: 1 2 3 4 5 6 7 8 9 10 11 12  
            (2001, 'NC'): 747000 records
        ND: 1 2 3 4 5 6 7 8 9 10 11 12  
            (2001, 'ND'): 105120 records
        NE: 1 2 3 4 5 6 7 8 9 10 11 12  
            (2001, 'NE'): 188376 records
        NH: 1 2 3 4 5 6 7 8 9 10 11 12  
            (2001, 'NH'): 74520 records
        NJ: 1 2 3 4 5 6 7 8 9 10 11 12  
            (2001, 'NJ'): 1163904 records
        NM: 1 2 3 4 5 6 7 8 9 10 11 12  
            (2001, 'NM'): 210240 records
        NV: 1 2 3 4 5 6 7 8 9 10 11 12  
            (2001, 'NV'): 201480 records
        NY: 1 2 3 4 5 6 7 8 9 10 11 12  
            (2001, 'NY'): 2117568 records
        OH: 1 2 3 4 5 6 7 8 9 10 11 12  
            (2001, 'OH'): 1064712 records
        OK: 1 2 3 4 5 6 7 8 9 10 11 12  
            (2001, 'OK'): 444720 records
        OR: 1 2 3 4 5 6 7 8 9 10 11 12  
            (2001, 'OR'): 43872 records
        PA: 1 2 3 4 5 6 7 8 9 10 11 12  
            (2001, 'PA'): 1850976 records
        RI: 1 2 3 4 5 6 7 8 9 10 11 12  
            (2001, 'RI'): 78840 records
        SC: 1 2 3 4 5 6 7 8 9 10 11 12  
            (2001, 'SC'): 326400 records
        SD: 1 2 3 4 5 6 7 8 9 10 11 12  
            (2001, 'SD'): 70080 records
        TN: 1 2 3 4 5 6 7 8 9 10 11 12  
            (2001, 'TN'): 455808 records
        TX: 1 2 3 4 5 6 7 8 9 10 11 12  
            (2001, 'TX'): 2269728 records
        UT: 1 2 3 4 5 6 7 8 9 10 11 12  
            (2001, 'UT'): 118296 records
        VA: 1 2 3 4 5 6 7 8 9 10 11 12  
            (2001, 'VA'): 482568 records
        VT: 1 2 3 4 5 6 7 8 9 10 11 12  
            (2001, 'VT'): 8760 records
        WA: 1 2 3 4 5 6 7 8 9 10 11 12  
            (2001, 'WA'): 32904 records
        WI: 1 2 3 4 5 6 7 8 9 10 11 12  
            (2001, 'WI'): 676872 records
        WV: 1 2 3 4 5 6 7 8 9 10 11 12  
            (2001, 'WV'): 386088 records
        WY: 1 2 3 4 5 6 7 8 9 10 11 12  
            (2001, 'WY'): 153336 records
    2002:
        AL: 1 2 3 4 5 6 7 8 9 10 11 12  
            (2002, 'AL'): 600192 records
        AR: 1 2 3 4 5 6 7 8 9 10 11 12  
            (2002, 'AR'): 245568 records
        AZ: 1 2 3 4 5 6 7 8 9 10 11 12  
            (2002, 'AZ'): 403608 records
        CA: 1 2 3 4 5 6 7 8 9 10 11 12  
            (2002, 'CA'): 1251168 records
        CO: 1 2 3 4 5 6 7 8 9 10 11 12  
            (2002, 'CO'): 451272 records
        CT: 1 2 3 4 5 6 7 8 9 10 11 12  
            (2002, 'CT'): 438432 records
        DC: 1 2 3 4 5 6 7 8 9 10 11 12  
            (2002, 'DC'): 140352 records
        DE: 1 2 3 4 5 6 7 8 9 10 11 12  
            (2002, 'DE'): 304608 records
        FL: 1 2 3 4 5 6 7 8 9 10 11 12  
            (2002, 'FL'): 1478904 records
        GA: 1 2 3 4 5 6 7 8 9 10 11 12  
            (2002, 'GA'): 995016 records
        IA: 1 2 3 4 5 6 7 8 9 10 11 12  
            (2002, 'IA'): 359160 records
        ID: 1 2 3 4 5 6 7 8 9 10 11 12  
            (2002, 'ID'): 43800 records
        IL: 1 2 3 4 5 6 7 8 9 10 11 12  
            (2002, 'IL'): 1724904 records
        IN: 1 2 3 4 5 6 7 8 9 10 11 12  
            (2002, 'IN'): 1108272 records
        KS: 1 2 3 4 5 6 7 8 9 10 11 12  
            (2002, 'KS'): 365760 records
        KY: 1 2 3 4 5 6 7 8 9 10 11 12  
            (2002, 'KY'): 738552 records
        LA: 1 2 3 4 5 6 7 8 9 10 11 12  
            (2002, 'LA'): 677280 records
        MA: 1 2 3 4 5 6 7 8 9 10 11 12  
            (2002, 'MA'): 723216 records
        MD: 1 2 3 4 5 6 7 8 9 10 11 12  
            (2002, 'MD'): 438360 records
        ME: 1 2 3 4 5 6 7 8 9 10 11 12  
            (2002, 'ME'): 140160 records
        MI: 1 2 3 4 5 6 7 8 9 10 11 12  
            (2002, 'MI'): 920520 records
        MN: 1 2 3 4 5 6 7 8 9 10 11 12  
            (2002, 'MN'): 374712 records
        MO: 1 2 3 4 5 6 7 8 9 10 11 12  
            (2002, 'MO'): 626880 records
        MS: 1 2 3 4 5 6 7 8 9 10 11 12  
            (2002, 'MS'): 618312 records
        MT: 1 2 3 4 5 6 7 8 9 10 11 12  
            (2002, 'MT'): 52560 records
        NC: 1 2 3 4 5 6 7 8 9 10 11 12  
            (2002, 'NC'): 781920 records
        ND: 1 2 3 4 5 6 7 8 9 10 11 12  
            (2002, 'ND'): 105120 records
        NE: 1 2 3 4 5 6 7 8 9 10 11 12  
            (2002, 'NE'): 192720 records
        NH: 1 2 3 4 5 6 7 8 9 10 11 12  
            (2002, 'NH'): 87720 records
        NJ: 1 2 3 4 5 6 7 8 9 10 11 12  
            (2002, 'NJ'): 1198992 records
        NM: 1 2 3 4 5 6 7 8 9 10 11 12  
            (2002, 'NM'): 221280 records
        NV: 1 2 3 4 5 6 7 8 9 10 11 12  
            (2002, 'NV'): 254040 records
        NY: 1 2 3 4 5 6 7 8 9 10 11 12  
            (2002, 'NY'): 2256936 records
        OH: 1 2 3 4 5 6 7 8 9 10 11 12  
            (2002, 'OH'): 1189656 records
        OK: 1 2 3 4 5 6 7 8 9 10 11 12  
            (2002, 'OK'): 530040 records
        OR: 1 2 3 4 5 6 7 8 9 10 11 12  
            (2002, 'OR'): 79056 records
        PA: 1 2 3 4 5 6 7 8 9 10 11 12  
            (2002, 'PA'): 2052672 records
        RI: 1 2 3 4 5 6 7 8 9 10 11 12  
            (2002, 'RI'): 83256 records
        SC: 1 2 3 4 5 6 7 8 9 10 11 12  
            (2002, 'SC'): 370272 records
        SD: 1 2 3 4 5 6 7 8 9 10 11 12  
            (2002, 'SD'): 76680 records
        TN: 1 2 3 4 5 6 7 8 9 10 11 12  
            (2002, 'TN'): 534552 records
        TX: 1 2 3 4 5 6 7 8 9 10 11 12  
            (2002, 'TX'): 2696904 records
        UT: 1 2 3 4 5 6 7 8 9 10 11 12  
            (2002, 'UT'): 166656 records
        VA: 1 2 3 4 5 6 7 8 9 10 11 12  
            (2002, 'VA'): 569472 records
        VT: 1 2 3 4 5 6 7 8 9 10 11 12  
            (2002, 'VT'): 8760 records
        WA: 1 2 3 4 5 6 7 8 9 10 11 12  
            (2002, 'WA'): 65808 records
        WI: 1 2 3 4 5 6 7 8 9 10 11 12  
            (2002, 'WI'): 694224 records
        WV: 1 2 3 4 5 6 7 8 9 10 11 12  
            (2002, 'WV'): 486192 records
        WY: 1 2 3 4 5 6 7 8 9 10 11 12  
            (2002, 'WY'): 157680 records
    2003:
        AL: 1 2 3 4 5 6 7 8 9 10 11 12  
            (2003, 'AL'): 852816 records
        AR: 1 2 3 4 5 6 7 8 9 10 11 12  
            (2003, 'AR'): 328680 records
        AZ: 1 2 3 4 5 6 7 8 9 10 11 12  
            (2003, 'AZ'): 563352 records
        CA: 1 2 3 4 5 6 7 8 9 10 11 12  
            (2003, 'CA'): 1384656 records
        CO: 1 2 3 4 5 6 7 8 9 10 11 12  
            (2003, 'CO'): 484080 records
        CT: 1 2 3 4 5 6 7 8 9 10 11 12  
            (2003, 'CT'): 440520 records
        DC: 1 2 3 4 5 6 7 8 9 10 11 12  
            (2003, 'DC'): 39408 records
        DE: 1 2 3 4 5 6 7 8 9 10 11 12  
            (2003, 'DE'): 311088 records
        FL: 1 2 3 4 5 6 7 8 9 10 11 12  
            (2003, 'FL'): 1513560 records
        GA: 1 2 3 4 5 6 7 8 9 10 11 12  
            (2003, 'GA'): 1108128 records
        IA: 1 2 3 4 5 6 7 8 9 10 11 12  
            (2003, 'IA'): 372360 records
        ID: 1 2 3 4 5 6 7 8 9 10 11 12  
            (2003, 'ID'): 43800 records
        IL: 1 2 3 4 5 6 7 8 9 10 11 12  
            (2003, 'IL'): 2142864 records
        IN: 1 2 3 4 5 6 7 8 9 10 11 12  
            (2003, 'IN'): 1277256 records
        KS: 1 2 3 4 5 6 7 8 9 10 11 12  
            (2003, 'KS'): 400920 records
        KY: 1 2 3 4 5 6 7 8 9 10 11 12  
            (2003, 'KY'): 823536 records
        LA: 1 2 3 4 5 6 7 8 9 10 11 12  
            (2003, 'LA'): 764376 records
        MA: 1 2 3 4 5 6 7 8 9 10 11 12  
            (2003, 'MA'): 687936 records
        MD: 1 2 3 4 5 6 7 8 9 10 11 12  
            (2003, 'MD'): 390024 records
        ME: 1 2 3 4 5 6 7 8 9 10 11 12  
            (2003, 'ME'): 140160 records
        MI: 1 2 3 4 5 6 7 8 9 10 11 12  
            (2003, 'MI'): 1185528 records
        MN: 1 2 3 4 5 6 7 8 9 10 11 12  
            (2003, 'MN'): 398616 records
        MO: 1 2 3 4 5 6 7 8 9 10 11 12  
            (2003, 'MO'): 718440 records
        MS: 1 2 3 4 5 6 7 8 9 10 11 12  
            (2003, 'MS'): 784440 records
        MT: 1 2 3 4 5 6 7 8 9 10 11 12  
            (2003, 'MT'): 54768 records
        NC: 1 2 3 4 5 6 7 8 9 10 11 12  
            (2003, 'NC'): 893856 records
        ND: 1 2 3 4 5 6 7 8 9 10 11 12  
            (2003, 'ND'): 105120 records
        NE: 1 2 3 4 5 6 7 8 9 10 11 12  
            (2003, 'NE'): 219120 records
        NH: 1 2 3 4 5 6 7 8 9 10 11 12  
            (2003, 'NH'): 109560 records
        NJ: 1 2 3 4 5 6 7 8 9 10 11 12  
            (2003, 'NJ'): 1245072 records
        NM: 1 2 3 4 5 6 7 8 9 10 11 12  
            (2003, 'NM'): 262920 records
        NV: 1 2 3 4 5 6 7 8 9 10 11 12  
            (2003, 'NV'): 306696 records
        NY: 1 2 3 4 5 6 7 8 9 10 11 12  
            (2003, 'NY'): 2397864 records
        OH: 1 2 3 4 5 6 7 8 9 10 11 12  
            (2003, 'OH'): 1531896 records
        OK: 1 2 3 4 5 6 7 8 9 10 11 12  
            (2003, 'OK'): 595968 records
        OR: 1 2 3 4 5 6 7 8 9 10 11 12  
            (2003, 'OR'): 109536 records
        PA: 1 2 3 4 5 6 7 8 9 10 11 12  
            (2003, 'PA'): 1588368 records
        RI: 1 2 3 4 5 6 7 8 9 10 11 12  
            (2003, 'RI'): 96360 records
        SC: 1 2 3 4 5 6 7 8 9 10 11 12  
            (2003, 'SC'): 585144 records
        SD: 1 2 3 4 5 6 7 8 9 10 11 12  
            (2003, 'SD'): 65592 records
        TN: 1 2 3 4 5 6 7 8 9 10 11 12  
            (2003, 'TN'): 738696 records
        TX: 1 2 3 4 5 6 7 8 9 10 11 12  
            (2003, 'TX'): 2806032 records
        UT: 1 2 3 4 5 6 7 8 9 10 11 12  
            (2003, 'UT'): 201480 records
        VA: 1 2 3 4 5 6 7 8 9 10 11 12  
            (2003, 'VA'): 914304 records
        VT: 1 2 3 4 5 6 7 8 9 10 11 12  
            (2003, 'VT'): 8760 records
        WA: 1 2 3 4 5 6 7 8 9 10 11 12  
            (2003, 'WA'): 105192 records
        WI: 1 2 3 4 5 6 7 8 9 10 11 12  
            (2003, 'WI'): 687696 records
        WV: 1 2 3 4 5 6 7 8 9 10 11 12  
            (2003, 'WV'): 609264 records
        WY: 1 2 3 4 5 6 7 8 9 10 11 12  
            (2003, 'WY'): 164280 records
    2004:
        AL: 1 2 3 4 5 6 7 8 9 10 11 12  
            (2004, 'AL'): 950952 records
        AR: 1 2 3 4 5 6 7 8 9 10 11 12  
            (2004, 'AR'): 342576 records
        AZ: 1 2 3 4 5 6 7 8 9 10 11 12  
            (2004, 'AZ'): 632448 records
        CA: 1 2 3 4 5 6 7 8 9 10 11 12  
            (2004, 'CA'): 1392240 records
        CO: 1 2 3 4 5 6 7 8 9 10 11 12  
            (2004, 'CO'): 507336 records
        CT: 1 2 3 4 5 6 7 8 9 10 11 12  
            (2004, 'CT'): 426024 records
        DC: 1 2 3 4 5 6 7 8 9 10 11 12  
            (2004, 'DC'): 39552 records
        DE: 1 2 3 4 5 6 7 8 9 10 11 12  
            (2004, 'DE'): 311832 records
        FL: 1 2 3 4 5 6 7 8 9 10 11 12  
            (2004, 'FL'): 1545936 records
        GA: 1 2 3 4 5 6 7 8 9 10 11 12  
            (2004, 'GA'): 1115568 records
        IA: 1 2 3 4 5 6 7 8 9 10 11 12  
            (2004, 'IA'): 406344 records
        ID: 1 2 3 4 5 6 7 8 9 10 11 12  
            (2004, 'ID'): 43920 records
        IL: 1 2 3 4 5 6 7 8 9 10 11 12  
            (2004, 'IL'): 2268480 records
        IN: 1 2 3 4 5 6 7 8 9 10 11 12  
            (2004, 'IN'): 1403256 records
        KS: 1 2 3 4 5 6 7 8 9 10 11 12  
            (2004, 'KS'): 412848 records
        KY: 1 2 3 4 5 6 7 8 9 10 11 12  
            (2004, 'KY'): 860928 records
        LA: 1 2 3 4 5 6 7 8 9 10 11 12  
            (2004, 'LA'): 808128 records
        MA: 1 2 3 4 5 6 7 8 9 10 11 12  
            (2004, 'MA'): 680760 records
        MD: 1 2 3 4 5 6 7 8 9 10 11 12  
            (2004, 'MD'): 386496 records
        ME: 1 2 3 4 5 6 7 8 9 10 11 12  
            (2004, 'ME'): 120744 records
        MI: 1 2 3 4 5 6 7 8 9 10 11 12  
            (2004, 'MI'): 1229760 records
        MN: 1 2 3 4 5 6 7 8 9 10 11 12  
            (2004, 'MN'): 404064 records
        MO: 1 2 3 4 5 6 7 8 9 10 11 12  
            (2004, 'MO'): 729072 records
        MS: 1 2 3 4 5 6 7 8 9 10 11 12  
            (2004, 'MS'): 843264 records
        MT: 1 2 3 4 5 6 7 8 9 10 11 12  
            (2004, 'MT'): 61488 records
        NC: 1 2 3 4 5 6 7 8 9 10 11 12  
            (2004, 'NC'): 1082640 records
        ND: 1 2 3 4 5 6 7 8 9 10 11 12  
            (2004, 'ND'): 105408 records
        NE: 1 2 3 4 5 6 7 8 9 10 11 12  
            (2004, 'NE'): 265752 records
        NH: 1 2 3 4 5 6 7 8 9 10 11 12  
            (2004, 'NH'): 109800 records
        NJ: 1 2 3 4 5 6 7 8 9 10 11 12  
            (2004, 'NJ'): 1256088 records
        NM: 1 2 3 4 5 6 7 8 9 10 11 12  
            (2004, 'NM'): 272304 records
        NV: 1 2 3 4 5 6 7 8 9 10 11 12  
            (2004, 'NV'): 338208 records
        NY: 1 2 3 4 5 6 7 8 9 10 11 12  
            (2004, 'NY'): 2587680 records
        OH: 1 2 3 4 5 6 7 8 9 10 11 12  
            (2004, 'OH'): 1559160 records
        OK: 1 2 3 4 5 6 7 8 9 10 11 12  
            (2004, 'OK'): 623664 records
        OR: 1 2 3 4 5 6 7 8 9 10 11 12  
            (2004, 'OR'): 120792 records
        PA: 1 2 3 4 5 6 7 8 9 10 11 12  
            (2004, 'PA'): 1690920 records
        RI: 1 2 3 4 5 6 7 8 9 10 11 12  
            (2004, 'RI'): 96624 records
        SC: 1 2 3 4 5 6 7 8 9 10 11 12  
            (2004, 'SC'): 700536 records
        SD: 1 2 3 4 5 6 7 8 9 10 11 12  
            (2004, 'SD'): 52704 records
        TN: 1 2 3 4 5 6 7 8 9 10 11 12  
            (2004, 'TN'): 759840 records
        TX: 1 2 3 4 5 6 7 8 9 10 11 12  
            (2004, 'TX'): 2977848 records
        UT: 1 2 3 4 5 6 7 8 9 10 11 12  
            (2004, 'UT'): 206448 records
        VA: 1 2 3 4 5 6 7 8 9 10 11 12  
            (2004, 'VA'): 975120 records
        VT: 1 2 3 4 5 6 7 8 9 10 11 12  
            (2004, 'VT'): 8784 records
        WA: 1 2 3 4 5 6 7 8 9 10 11 12  
            (2004, 'WA'): 118608 records
        WI: 1 2 3 4 5 6 7 8 9 10 11 12  
            (2004, 'WI'): 715968 records
        WV: 1 2 3 4 5 6 7 8 9 10 11 12  
            (2004, 'WV'): 619272 records
        WY: 1 2 3 4 5 6 7 8 9 10 11 12  
            (2004, 'WY'): 166896 records
    2005:
        AL: 1 2 3 4 5 6 7 8 9 10 11 12  
            (2005, 'AL'): 963912 records
        AR: 1 2 3 4 5 6 7 8 9 10 11 12  
            (2005, 'AR'): 350448 records
        AZ: 1 2 3 4 5 6 7 8 9 10 11 12  
            (2005, 'AZ'): 648240 records
        CA: 1 2 3 4 5 6 7 8 9 10 11 12  
            (2005, 'CA'): 1474368 records
        CO: 1 2 3 4 5 6 7 8 9 10 11 12  
            (2005, 'CO'): 516840 records
        CT: 1 2 3 4 5 6 7 8 9 10 11 12  
            (2005, 'CT'): 427344 records
        DC: 1 2 3 4 5 6 7 8 9 10 11 12  
            (2005, 'DC'): 43800 records
        DE: 1 2 3 4 5 6 7 8 9 10 11 12  
            (2005, 'DE'): 311088 records
        FL: 1 2 3 4 5 6 7 8 9 10 11 12  
            (2005, 'FL'): 1583640 records
        GA: 1 2 3 4 5 6 7 8 9 10 11 12  
            (2005, 'GA'): 1138920 records
        IA: 1 2 3 4 5 6 7 8 9 10 11 12  
            (2005, 'IA'): 427080 records
        ID: 1 2 3 4 5 6 7 8 9 10 11 12  
            (2005, 'ID'): 50400 records
        IL: 1 2 3 4 5 6 7 8 9 10 11 12  
            (2005, 'IL'): 2258328 records
        IN: 1 2 3 4 5 6 7 8 9 10 11 12  
            (2005, 'IN'): 1459080 records
        KS: 1 2 3 4 5 6 7 8 9 10 11 12  
            (2005, 'KS'): 411720 records
        KY: 1 2 3 4 5 6 7 8 9 10 11 12  
            (2005, 'KY'): 867264 records
        LA: 1 2 3 4 5 6 7 8 9 10 11 12  
            (2005, 'LA'): 814752 records
        MA: 1 2 3 4 5 6 7 8 9 10 11 12  
            (2005, 'MA'): 674808 records
        MD: 1 2 3 4 5 6 7 8 9 10 11 12  
            (2005, 'MD'): 385584 records
        ME: 1 2 3 4 5 6 7 8 9 10 11 12  
            (2005, 'ME'): 113880 records
        MI: 1 2 3 4 5 6 7 8 9 10 11 12  
            (2005, 'MI'): 1226832 records
        MN: 1 2 3 4 5 6 7 8 9 10 11 12  
            (2005, 'MN'): 422760 records
        MO: 1 2 3 4 5 6 7 8 9 10 11 12  
            (2005, 'MO'): 740328 records
        MS: 1 2 3 4 5 6 7 8 9 10 11 12  
            (2005, 'MS'): 849720 records
        MT: 1 2 3 4 5 6 7 8 9 10 11 12  
            (2005, 'MT'): 61320 records
        NC: 1 2 3 4 5 6 7 8 9 10 11 12  
            (2005, 'NC'): 1086912 records
        ND: 1 2 3 4 5 6 7 8 9 10 11 12  
            (2005, 'ND'): 105120 records
        NE: 1 2 3 4 5 6 7 8 9 10 11 12  
            (2005, 'NE'): 280320 records
        NH: 1 2 3 4 5 6 7 8 9 10 11 12  
            (2005, 'NH'): 109560 records
        NJ: 1 2 3 4 5 6 7 8 9 10 11 12  
            (2005, 'NJ'): 1201200 records
        NM: 1 2 3 4 5 6 7 8 9 10 11 12  
            (2005, 'NM'): 278160 records
        NV: 1 2 3 4 5 6 7 8 9 10 11 12  
            (2005, 'NV'): 341640 records
        NY: 1 2 3 4 5 6 7 8 9 10 11 12  
            (2005, 'NY'): 2817744 records
        OH: 1 2 3 4 5 6 7 8 9 10 11 12  
            (2005, 'OH'): 1555464 records
        OK: 1 2 3 4 5 6 7 8 9 10 11 12  
            (2005, 'OK'): 621960 records
        OR: 1 2 3 4 5 6 7 8 9 10 11 12  
            (2005, 'OR'): 122640 records
        PA: 1 2 3 4 5 6 7 8 9 10 11 12  
            (2005, 'PA'): 1662624 records
        RI: 1 2 3 4 5 6 7 8 9 10 11 12  
            (2005, 'RI'): 96360 records
        SC: 1 2 3 4 5 6 7 8 9 10 11 12  
            (2005, 'SC'): 701256 records
        SD: 1 2 3 4 5 6 7 8 9 10 11 12  
            (2005, 'SD'): 59160 records
        TN: 1 2 3 4 5 6 7 8 9 10 11 12  
            (2005, 'TN'): 758232 records
        TX: 1 2 3 4 5 6 7 8 9 10 11 12  
            (2005, 'TX'): 2936952 records
        UT: 1 2 3 4 5 6 7 8 9 10 11 12  
            (2005, 'UT'): 223416 records
        VA: 1 2 3 4 5 6 7 8 9 10 11 12  
            (2005, 'VA'): 1012296 records
        VT: 1 2 3 4 5 6 7 8 9 10 11 12  
            (2005, 'VT'): 8760 records
        WA: 1 2 3 4 5 6 7 8 9 10 11 12  
            (2005, 'WA'): 122640 records
        WI: 1 2 3 4 5 6 7 8 9 10 11 12  
            (2005, 'WI'): 742632 records
        WV: 1 2 3 4 5 6 7 8 9 10 11 12  
            (2005, 'WV'): 617808 records
        WY: 1 2 3 4 5 6 7 8 9 10 11 12  
            (2005, 'WY'): 166440 records
    2006:
        AL: 1 2 3 4 5 6 7 8 9 10 11 12  
            (2006, 'AL'): 963912 records
        AR: 1 2 3 4 5 6 7 8 9 10 11 12  
            (2006, 'AR'): 376680 records
        AZ: 1 2 3 4 5 6 7 8 9 10 11 12  
            (2006, 'AZ'): 661416 records
        CA: 1 2 3 4 5 6 7 8 9 10 11 12  
            (2006, 'CA'): 1625112 records
        CO: 1 2 3 4 5 6 7 8 9 10 11 12  
            (2006, 'CO'): 516840 records
        CT: 1 2 3 4 5 6 7 8 9 10 11 12  
            (2006, 'CT'): 425136 records
        DC: 1 2 3 4 5 6 7 8 9 10 11 12  
            (2006, 'DC'): 43800 records
        DE: 1 2 3 4 5 6 7 8 9 10 11 12  
            (2006, 'DE'): 306696 records
        FL: 1 2 3 4 5 6 7 8 9 10 11 12  
            (2006, 'FL'): 1616256 records
        GA: 1 2 3 4 5 6 7 8 9 10 11 12  
            (2006, 'GA'): 1138800 records
        IA: 1 2 3 4 5 6 7 8 9 10 11 12  
            (2006, 'IA'): 429240 records
        ID: 1 2 3 4 5 6 7 8 9 10 11 12  
            (2006, 'ID'): 52560 records
        IL: 1 2 3 4 5 6 7 8 9 10 11 12  
            (2006, 'IL'): 2278008 records
        IN: 1 2 3 4 5 6 7 8 9 10 11 12  
            (2006, 'IN'): 1456776 records
        KS: 1 2 3 4 5 6 7 8 9 10 11 12  
            (2006, 'KS'): 420480 records
        KY: 1 2 3 4 5 6 7 8 9 10 11 12  
            (2006, 'KY'): 880464 records
        LA: 1 2 3 4 5 6 7 8 9 10 11 12  
            (2006, 'LA'): 836640 records
        MA: 1 2 3 4 5 6 7 8 9 10 11 12  
            (2006, 'MA'): 668184 records
        MD: 1 2 3 4 5 6 7 8 9 10 11 12  
            (2006, 'MD'): 385584 records
        ME: 1 2 3 4 5 6 7 8 9 10 11 12  
            (2006, 'ME'): 113880 records
        MI: 1 2 3 4 5 6 7 8 9 10 11 12  
            (2006, 'MI'): 1226832 records
        MN: 1 2 3 4 5 6 7 8 9 10 11 12  
            (2006, 'MN'): 433656 records
        MO: 1 2 3 4 5 6 7 8 9 10 11 12  
            (2006, 'MO'): 766536 records
        MS: 1 2 3 4 5 6 7 8 9 10 11 12  
            (2006, 'MS'): 856272 records
        MT: 1 2 3 4 5 6 7 8 9 10 11 12  
            (2006, 'MT'): 67920 records
        NC: 1 2 3 4 5 6 7 8 9 10 11 12  
            (2006, 'NC'): 1093512 records
        ND: 1 2 3 4 5 6 7 8 9 10 11 12  
            (2006, 'ND'): 105120 records
        NE: 1 2 3 4 5 6 7 8 9 10 11 12  
            (2006, 'NE'): 280320 records
        NH: 1 2 3 4 5 6 7 8 9 10 11 12  
            (2006, 'NH'): 109560 records
        NJ: 1 2 3 4 5 6 7 8 9 10 11 12  
            (2006, 'NJ'): 1148448 records
        NM: 1 2 3 4 5 6 7 8 9 10 11 12  
            (2006, 'NM'): 293520 records
        NV: 1 2 3 4 5 6 7 8 9 10 11 12  
            (2006, 'NV'): 363480 records
        NY: 1 2 3 4 5 6 7 8 9 10 11 12  
            (2006, 'NY'): 2821512 records
        OH: 1 2 3 4 5 6 7 8 9 10 11 12  
            (2006, 'OH'): 1546704 records
        OK: 1 2 3 4 5 6 7 8 9 10 11 12  
            (2006, 'OK'): 657000 records
        OR: 1 2 3 4 5 6 7 8 9 10 11 12  
            (2006, 'OR'): 122640 records
        PA: 1 2 3 4 5 6 7 8 9 10 11 12  
            (2006, 'PA'): 1656096 records
        RI: 1 2 3 4 5 6 7 8 9 10 11 12  
            (2006, 'RI'): 96360 records
        SC: 1 2 3 4 5 6 7 8 9 10 11 12  
            (2006, 'SC'): 710112 records
        SD: 1 2 3 4 5 6 7 8 9 10 11 12  
            (2006, 'SD'): 65736 records
        TN: 1 2 3 4 5 6 7 8 9 10 11 12  
            (2006, 'TN'): 729768 records
        TX: 1 2 3 4 5 6 7 8 9 10 11 12  
            (2006, 'TX'): 3013368 records
        UT: 1 2 3 4 5 6 7 8 9 10 11 12  
            (2006, 'UT'): 234360 records
        VA: 1 2 3 4 5 6 7 8 9 10 11 12  
            (2006, 'VA'): 1007904 records
        VT: 1 2 3 4 5 6 7 8 9 10 11 12  
            (2006, 'VT'): 8760 records
        WA: 1 2 3 4 5 6 7 8 9 10 11 12  
            (2006, 'WA'): 148920 records
        WI: 1 2 3 4 5 6 7 8 9 10 11 12  
            (2006, 'WI'): 779640 records
        WV: 1 2 3 4 5 6 7 8 9 10 11 12  
            (2006, 'WV'): 617808 records
        WY: 1 2 3 4 5 6 7 8 9 10 11 12  
            (2006, 'WY'): 166440 records
    2007:
        AL: 1 2 3 4 5 6 7 8 9 10 11 12  
            (2007, 'AL'): 955152 records
        AR: 1 2 3 4 5 6 7 8 9 10 11 12  
            (2007, 'AR'): 414048 records
        AZ: 1 2 3 4 5 6 7 8 9 10 11 12  
            (2007, 'AZ'): 665760 records
        CA: 1 2 3 4 5 6 7 8 9 10 11 12  
            (2007, 'CA'): 1684488 records
        CO: 1 2 3 4 5 6 7 8 9 10 11 12  
            (2007, 'CO'): 530040 records
        CT: 1 2 3 4 5 6 7 8 9 10 11 12  
            (2007, 'CT'): 429552 records
        DC: 1 2 3 4 5 6 7 8 9 10 11 12  
            (2007, 'DC'): 43800 records
        DE: 1 2 3 4 5 6 7 8 9 10 11 12  
            (2007, 'DE'): 306696 records
        FL: 1 2 3 4 5 6 7 8 9 10 11 12  
            (2007, 'FL'): 1736856 records
        GA: 1 2 3 4 5 6 7 8 9 10 11 12  
            (2007, 'GA'): 1138800 records
        IA: 1 2 3 4 5 6 7 8 9 10 11 12  
            (2007, 'IA'): 442440 records
        ID: 1 2 3 4 5 6 7 8 9 10 11 12  
            (2007, 'ID'): 52560 records
        IL: 1 2 3 4 5 6 7 8 9 10 11 12  
            (2007, 'IL'): 2282352 records
        IN: 1 2 3 4 5 6 7 8 9 10 11 12  
            (2007, 'IN'): 1437120 records
        KS: 1 2 3 4 5 6 7 8 9 10 11 12  
            (2007, 'KS'): 420480 records
        KY: 1 2 3 4 5 6 7 8 9 10 11 12  
            (2007, 'KY'): 876096 records
        LA: 1 2 3 4 5 6 7 8 9 10 11 12  
            (2007, 'LA'): 840960 records
        MA: 1 2 3 4 5 6 7 8 9 10 11 12  
            (2007, 'MA'): 652920 records
        MD: 1 2 3 4 5 6 7 8 9 10 11 12  
            (2007, 'MD'): 385584 records
        ME: 1 2 3 4 5 6 7 8 9 10 11 12  
            (2007, 'ME'): 113880 records
        MI: 1 2 3 4 5 6 7 8 9 10 11 12  
            (2007, 'MI'): 1235808 records
        MN: 1 2 3 4 5 6 7 8 9 10 11 12  
            (2007, 'MN'): 451200 records
        MO: 1 2 3 4 5 6 7 8 9 10 11 12  
            (2007, 'MO'): 766536 records
        MS: 1 2 3 4 5 6 7 8 9 10 11 12  
            (2007, 'MS'): 797088 records
        MT: 1 2 3 4 5 6 7 8 9 10 11 12  
            (2007, 'MT'): 70080 records
        NC: 1 2 3 4 5 6 7 8 9 10 11 12  
            (2007, 'NC'): 1240536 records
        ND: 1 2 3 4 5 6 7 8 9 10 11 12  
            (2007, 'ND'): 105120 records
        NE: 1 2 3 4 5 6 7 8 9 10 11 12  
            (2007, 'NE'): 280320 records
        NH: 1 2 3 4 5 6 7 8 9 10 11 12  
            (2007, 'NH'): 98640 records
        NJ: 1 2 3 4 5 6 7 8 9 10 11 12  
            (2007, 'NJ'): 1141872 records
        NM: 1 2 3 4 5 6 7 8 9 10 11 12  
            (2007, 'NM'): 297840 records
        NV: 1 2 3 4 5 6 7 8 9 10 11 12  
            (2007, 'NV'): 359160 records
        NY: 1 2 3 4 5 6 7 8 9 10 11 12  
            (2007, 'NY'): 2747544 records
        OH: 1 2 3 4 5 6 7 8 9 10 11 12  
            (2007, 'OH'): 1515984 records
        OK: 1 2 3 4 5 6 7 8 9 10 11 12  
            (2007, 'OK'): 643800 records
        OR: 1 2 3 4 5 6 7 8 9 10 11 12  
            (2007, 'OR'): 129240 records
        PA: 1 2 3 4 5 6 7 8 9 10 11 12  
            (2007, 'PA'): 1656096 records
        RI: 1 2 3 4 5 6 7 8 9 10 11 12  
            (2007, 'RI'): 96360 records
        SC: 1 2 3 4 5 6 7 8 9 10 11 12  
            (2007, 'SC'): 709968 records
        SD: 1 2 3 4 5 6 7 8 9 10 11 12  
            (2007, 'SD'): 70080 records
        TN: 1 2 3 4 5 6 7 8 9 10 11 12  
            (2007, 'TN'): 731976 records
        TX: 1 2 3 4 5 6 7 8 9 10 11 12  
            (2007, 'TX'): 2919408 records
        UT: 1 2 3 4 5 6 7 8 9 10 11 12  
            (2007, 'UT'): 240936 records
        VA: 1 2 3 4 5 6 7 8 9 10 11 12  
            (2007, 'VA'): 590472 records
        VT: 1 2 3 4 5 6 7 8 9 10 11 12  
            (2007, 'VT'): 8760 records
        WA: 1 2 3 4 5 6 7 8 9 10 11 12  
            (2007, 'WA'): 142320 records
        WI: 1 2 3 4 5 6 7 8 9 10 11 12  
            (2007, 'WI'): 766608 records
        WV: 1 2 3 4 5 6 7 8 9 10 11 12  
            (2007, 'WV'): 617808 records
        WY: 1 2 3 4 5 6 7 8 9 10 11 12  
            (2007, 'WY'): 166440 records
    2008:
        AL: 1 2 3 4 5 6 7 8 9 10 11 12  
            (2008, 'AL'): 1010160 records
        AR: 1 2 3 4 5 6 7 8 9 10 11 12  
            (2008, 'AR'): 434784 records
        AZ: 1 2 3 4 5 6 7 8 9 10 11 12  
            (2008, 'AZ'): 682968 records
        CA: 1 2 3 4 5 6 7 8 9 10 11 12  
            (2008, 'CA'): 1761216 records
        CO: 1 2 3 4 5 6 7 8 9 10 11 12  
            (2008, 'CO'): 542424 records
        CT: 1 2 3 4 5 6 7 8 9 10 11 12  
            (2008, 'CT'): 430392 records
        DC: 1 2 3 4 5 6 7 8 9 10 11 12  
            (2008, 'DC'): 43920 records
        DE: 1 2 3 4 5 6 7 8 9 10 11 12  
            (2008, 'DE'): 316224 records
        FL: 1 2 3 4 5 6 7 8 9 10 11 12  
            (2008, 'FL'): 2793264 records
        GA: 1 2 3 4 5 6 7 8 9 10 11 12  
            (2008, 'GA'): 1423008 records
        IA: 1 2 3 4 5 6 7 8 9 10 11 12  
            (2008, 'IA'): 614880 records
        ID: 1 2 3 4 5 6 7 8 9 10 11 12  
            (2008, 'ID'): 61488 records
        IL: 1 2 3 4 5 6 7 8 9 10 11 12  
            (2008, 'IL'): 2347536 records
        IN: 1 2 3 4 5 6 7 8 9 10 11 12  
            (2008, 'IN'): 1491048 records
        KS: 1 2 3 4 5 6 7 8 9 10 11 12  
            (2008, 'KS'): 410664 records
        KY: 1 2 3 4 5 6 7 8 9 10 11 12  
            (2008, 'KY'): 854232 records
        LA: 1 2 3 4 5 6 7 8 9 10 11 12  
            (2008, 'LA'): 812352 records
        MA: 1 2 3 4 5 6 7 8 9 10 11 12  
            (2008, 'MA'): 623592 records
        MD: 1 2 3 4 5 6 7 8 9 10 11 12  
            (2008, 'MD'): 445800 records
        ME: 1 2 3 4 5 6 7 8 9 10 11 12  
            (2008, 'ME'): 114192 records
        MI: 1 2 3 4 5 6 7 8 9 10 11 12  
            (2008, 'MI'): 1343976 records
        MN: 1 2 3 4 5 6 7 8 9 10 11 12  
            (2008, 'MN'): 621504 records
        MO: 1 2 3 4 5 6 7 8 9 10 11 12  
            (2008, 'MO'): 1093608 records
        MS: 1 2 3 4 5 6 7 8 9 10 11 12  
            (2008, 'MS'): 781728 records
        MT: 1 2 3 4 5 6 7 8 9 10 11 12  
            (2008, 'MT'): 70272 records
        NC: 1 2 3 4 5 6 7 8 9 10 11 12  
            (2008, 'NC'): 1537200 records
        ND: 1 2 3 4 5 6 7 8 9 10 11 12  
            (2008, 'ND'): 105408 records
        NE: 1 2 3 4 5 6 7 8 9 10 11 12  
            (2008, 'NE'): 281088 records
        NH: 1 2 3 4 5 6 7 8 9 10 11 12  
            (2008, 'NH'): 87840 records
        NJ: 1 2 3 4 5 6 7 8 9 10 11 12  
            (2008, 'NJ'): 1379016 records
        NM: 1 2 3 4 5 6 7 8 9 10 11 12  
            (2008, 'NM'): 307488 records
        NV: 1 2 3 4 5 6 7 8 9 10 11 12  
            (2008, 'NV'): 477096 records
        NY: 1 2 3 4 5 6 7 8 9 10 11 12  
            (2008, 'NY'): 2562600 records
        OH: 1 2 3 4 5 6 7 8 9 10 11 12  
            (2008, 'OH'): 1563552 records
        OK: 1 2 3 4 5 6 7 8 9 10 11 12  
            (2008, 'OK'): 641232 records
        OR: 1 2 3 4 5 6 7 8 9 10 11 12  
            (2008, 'OR'): 127344 records
        PA: 1 2 3 4 5 6 7 8 9 10 11 12  
            (2008, 'PA'): 1748016 records
        RI: 1 2 3 4 5 6 7 8 9 10 11 12  
            (2008, 'RI'): 96624 records
        SC: 1 2 3 4 5 6 7 8 9 10 11 12  
            (2008, 'SC'): 803736 records
        SD: 1 2 3 4 5 6 7 8 9 10 11 12  
            (2008, 'SD'): 74688 records
        TN: 1 2 3 4 5 6 7 8 9 10 11 12  
            (2008, 'TN'): 838872 records
        TX: 1 2 3 4 5 6 7 8 9 10 11 12  
            (2008, 'TX'): 3307056 records
        UT: 1 2 3 4 5 6 7 8 9 10 11 12  
            (2008, 'UT'): 237168 records
        VA: 1 2 3 4 5 6 7 8 9 10 11 12  
            (2008, 'VA'): 1155120 records
        VT: 1 2 3 4 5 6 7 8 9 10 11 12  
            (2008, 'VT'): 8784 records
        WA: 1 2 3 4 5 6 7 8 9 10 11 12  
            (2008, 'WA'): 162528 records
        WI: 1 2 3 4 5 6 7 8 9 10 11 12  
            (2008, 'WI'): 1071696 records
        WV: 1 2 3 4 5 6 7 8 9 10 11 12  
            (2008, 'WV'): 628008 records
        WY: 1 2 3 4 5 6 7 8 9 10 11 12  
            (2008, 'WY'): 175680 records
    2009:
        AL: 1 2 3 4 5 6 7 8 9 10 11 12  
            (2009, 'AL'): 1003200 records
        AR: 1 2 3 4 5 6 7 8 9 10 11 12  
            (2009, 'AR'): 429240 records
        AZ: 1 2 3 4 5 6 7 8 9 10 11 12  
            (2009, 'AZ'): 685488 records
        CA: 1 2 3 4 5 6 7 8 9 10 11 12  
            (2009, 'CA'): 1846488 records
        CO: 1 2 3 4 5 6 7 8 9 10 11 12  
            (2009, 'CO'): 571776 records
        CT: 1 2 3 4 5 6 7 8 9 10 11 12  
            (2009, 'CT'): 457968 records
        DC: 1 2 3 4 5 6 7 8 9 10 11 12  
            (2009, 'DC'): 43800 records
        DE: 1 2 3 4 5 6 7 8 9 10 11 12  
            (2009, 'DE'): 275760 records
        FL: 1 2 3 4 5 6 7 8 9 10 11 12  
            (2009, 'FL'): 2865048 records
        GA: 1 2 3 4 5 6 7 8 9 10 11 12  
            (2009, 'GA'): 1419120 records
        IA: 1 2 3 4 5 6 7 8 9 10 11 12  
            (2009, 'IA'): 613200 records
        ID: 1 2 3 4 5 6 7 8 9 10 11 12  
            (2009, 'ID'): 61320 records
        IL: 1 2 3 4 5 6 7 8 9 10 11 12  
            (2009, 'IL'): 2304072 records
        IN: 1 2 3 4 5 6 7 8 9 10 11 12  
            (2009, 'IN'): 1489536 records
        KS: 1 2 3 4 5 6 7 8 9 10 11 12  
            (2009, 'KS'): 429240 records
        KY: 1 2 3 4 5 6 7 8 9 10 11 12  
            (2009, 'KY'): 854184 records
        LA: 1 2 3 4 5 6 7 8 9 10 11 12  
            (2009, 'LA'): 784056 records
        MA: 1 2 3 4 5 6 7 8 9 10 11 12  
            (2009, 'MA'): 698808 records
        MD: 1 2 3 4 5 6 7 8 9 10 11 12  
            (2009, 'MD'): 446760 records
        ME: 1 2 3 4 5 6 7 8 9 10 11 12  
            (2009, 'ME'): 113880 records
        MI: 1 2 3 4 5 6 7 8 9 10 11 12  
            (2009, 'MI'): 1357800 records
        MN: 1 2 3 4 5 6 7 8 9 10 11 12  
            (2009, 'MN'): 588960 records
        MO: 1 2 3 4 5 6 7 8 9 10 11 12  
            (2009, 'MO'): 1081872 records
        MS: 1 2 3 4 5 6 7 8 9 10 11 12  
            (2009, 'MS'): 604440 records
        MT: 1 2 3 4 5 6 7 8 9 10 11 12  
            (2009, 'MT'): 70080 records
        NC: 1 2 3 4 5 6 7 8 9 10 11 12  
            (2009, 'NC'): 1531008 records
        ND: 1 2 3 4 5 6 7 8 9 10 11 12  
            (2009, 'ND'): 105120 records
        NE: 1 2 3 4 5 6 7 8 9 10 11 12  
            (2009, 'NE'): 289080 records
        NH: 1 2 3 4 5 6 7 8 9 10 11 12  
            (2009, 'NH'): 87600 records
        NJ: 1 2 3 4 5 6 7 8 9 10 11 12  
            (2009, 'NJ'): 1287840 records
        NM: 1 2 3 4 5 6 7 8 9 10 11 12  
            (2009, 'NM'): 324120 records
        NV: 1 2 3 4 5 6 7 8 9 10 11 12  
            (2009, 'NV'): 586920 records
        NY: 1 2 3 4 5 6 7 8 9 10 11 12  
            (2009, 'NY'): 2550096 records
        OH: 1 2 3 4 5 6 7 8 9 10 11 12  
            (2009, 'OH'): 1511472 records
        OK: 1 2 3 4 5 6 7 8 9 10 11 12  
            (2009, 'OK'): 652728 records
        OR: 1 2 3 4 5 6 7 8 9 10 11 12  
            (2009, 'OR'): 122640 records
        PA: 1 2 3 4 5 6 7 8 9 10 11 12  
            (2009, 'PA'): 1704024 records
        RI: 1 2 3 4 5 6 7 8 9 10 11 12  
            (2009, 'RI'): 96360 records
        SC: 1 2 3 4 5 6 7 8 9 10 11 12  
            (2009, 'SC'): 792936 records
        SD: 1 2 3 4 5 6 7 8 9 10 11 12  
            (2009, 'SD'): 78840 records
        TN: 1 2 3 4 5 6 7 8 9 10 11 12  
            (2009, 'TN'): 841200 records
        TX: 1 2 3 4 5 6 7 8 9 10 11 12  
            (2009, 'TX'): 3154272 records
        UT: 1 2 3 4 5 6 7 8 9 10 11 12  
            (2009, 'UT'): 236520 records
        VA: 1 2 3 4 5 6 7 8 9 10 11 12  
            (2009, 'VA'): 1165224 records
        VT: 1 2 3 4 5 6 7 8 9 10 11 12  
            (2009, 'VT'): 43800 records
        WA: 1 2 3 4 5 6 7 8 9 10 11 12  
            (2009, 'WA'): 175200 records
        WI: 1 2 3 4 5 6 7 8 9 10 11 12  
            (2009, 'WI'): 1070928 records
        WV: 1 2 3 4 5 6 7 8 9 10 11 12  
            (2009, 'WV'): 595896 records
        WY: 1 2 3 4 5 6 7 8 9 10 11 12  
            (2009, 'WY'): 175200 records
    2010:
        AL: 1 2 3 4 5 6 7 8 9 10 11 12  
            (2010, 'AL'): 1031784 records
        AR: 1 2 3 4 5 6 7 8 9 10 11 12  
            (2010, 'AR'): 433656 records
        AZ: 1 2 3 4 5 6 7 8 9 10 11 12  
            (2010, 'AZ'): 700872 records
        CA: 1 2 3 4 5 6 7 8 9 10 11 12  
            (2010, 'CA'): 1876968 records
        CO: 1 2 3 4 5 6 7 8 9 10 11 12  
            (2010, 'CO'): 621960 records
        CT: 1 2 3 4 5 6 7 8 9 10 11 12  
            (2010, 'CT'): 477792 records
        DC: 1 2 3 4 5 6 7 8 9 10 11 12  
            (2010, 'DC'): 43800 records
        DE: 1 2 3 4 5 6 7 8 9 10 11 12  
            (2010, 'DE'): 219072 records
        FL: 1 2 3 4 5 6 7 8 9 10 11 12  
            (2010, 'FL'): 2925768 records
        GA: 1 2 3 4 5 6 7 8 9 10 11 12  
            (2010, 'GA'): 1419120 records
        IA: 1 2 3 4 5 6 7 8 9 10 11 12  
            (2010, 'IA'): 613200 records
        ID: 1 2 3 4 5 6 7 8 9 10 11 12  
            (2010, 'ID'): 61320 records
        IL: 1 2 3 4 5 6 7 8 9 10 11 12  
            (2010, 'IL'): 2290896 records
        IN: 1 2 3 4 5 6 7 8 9 10 11 12  
            (2010, 'IN'): 1476360 records
        KS: 1 2 3 4 5 6 7 8 9 10 11 12  
            (2010, 'KS'): 429240 records
        KY: 1 2 3 4 5 6 7 8 9 10 11 12  
            (2010, 'KY'): 887184 records
        LA: 1 2 3 4 5 6 7 8 9 10 11 12  
            (2010, 'LA'): 810384 records
        MA: 1 2 3 4 5 6 7 8 9 10 11 12  
            (2010, 'MA'): 711888 records
        MD: 1 2 3 4 5 6 7 8 9 10 11 12  
            (2010, 'MD'): 446760 records
        ME: 1 2 3 4 5 6 7 8 9 10 11 12  
            (2010, 'ME'): 113880 records
        MI: 1 2 3 4 5 6 7 8 9 10 11 12  
            (2010, 'MI'): 1327248 records
        MN: 1 2 3 4 5 6 7 8 9 10 11 12  
            (2010, 'MN'): 446760 records
        MO: 1 2 3 4 5 6 7 8 9 10 11 12  
            (2010, 'MO'): 1079688 records
        MS: 1 2 3 4 5 6 7 8 9 10 11 12  
            (2010, 'MS'): 604440 records
        MT: 1 2 3 4 5 6 7 8 9 10 11 12  
            (2010, 'MT'): 87744 records
        NC: 1 2 3 4 5 6 7 8 9 10 11 12  
            (2010, 'NC'): 1546272 records
        ND: 1 2 3 4 5 6 7 8 9 10 11 12  
            (2010, 'ND'): 105120 records
        NE: 1 2 3 4 5 6 7 8 9 10 11 12  
            (2010, 'NE'): 289080 records
        NH: 1 2 3 4 5 6 7 8 9 10 11 12  
            (2010, 'NH'): 109560 records
        NJ: 1 2 3 4 5 6 7 8 9 10 11 12  
            (2010, 'NJ'): 1274640 records
        NM: 1 2 3 4 5 6 7 8 9 10 11 12  
            (2010, 'NM'): 324120 records
        NV: 1 2 3 4 5 6 7 8 9 10 11 12  
            (2010, 'NV'): 578088 records
        NY: 1 2 3 4 5 6 7 8 9 10 11 12  
            (2010, 'NY'): 2569800 records
        OH: 1 2 3 4 5 6 7 8 9 10 11 12  
            (2010, 'OH'): 1515816 records
        OK: 1 2 3 4 5 6 7 8 9 10 11 12  
            (2010, 'OK'): 665760 records
        OR: 1 2 3 4 5 6 7 8 9 10 11 12  
            (2010, 'OR'): 122640 records
        PA: 1 2 3 4 5 6 7 8 9 10 11 12  
            (2010, 'PA'): 1703928 records
        RI: 1 2 3 4 5 6 7 8 9 10 11 12  
            (2010, 'RI'): 96360 records
        SC: 1 2 3 4 5 6 7 8 9 10 11 12  
            (2010, 'SC'): 792936 records
        SD: 1 2 3 4 5 6 7 8 9 10 11 12  
            (2010, 'SD'): 78840 records
        TN: 1 2 3 4 5 6 7 8 9 10 11 12  
            (2010, 'TN'): 841176 records
        TX: 1 2 3 4 5 6 7 8 9 10 11 12  
            (2010, 'TX'): 3287424 records
        UT: 1 2 3 4 5 6 7 8 9 10 11 12  
            (2010, 'UT'): 243120 records
        VA: 1 2 3 4 5 6 7 8 9 10 11 12  
            (2010, 'VA'): 1182696 records
        VT: 1 2 3 4 5 6 7 8 9 10 11 12  
            (2010, 'VT'): 43800 records
        WA: 1 2 3 4 5 6 7 8 9 10 11 12  
            (2010, 'WA'): 175200 records
        WI: 1 2 3 4 5 6 7 8 9 10 11 12  
            (2010, 'WI'): 1037976 records
        WV: 1 2 3 4 5 6 7 8 9 10 11 12  
            (2010, 'WV'): 595896 records
        WY: 1 2 3 4 5 6 7 8 9 10 11 12  
            (2010, 'WY'): 181800 records
    2011:
        AL: 1 2 3 4 5 6 7 8 9 10 11 12  
            (2011, 'AL'): 1042632 records
        AR: 1 2 3 4 5 6 7 8 9 10 11 12  
            (2011, 'AR'): 431400 records
        AZ: 1 2 3 4 5 6 7 8 9 10 11 12  
            (2011, 'AZ'): 797160 records
        CA: 1 2 3 4 5 6 7 8 9 10 11 12  
            (2011, 'CA'): 1914192 records
        CO: 1 2 3 4 5 6 7 8 9 10 11 12  
            (2011, 'CO'): 613200 records
        CT: 1 2 3 4 5 6 7 8 9 10 11 12  
            (2011, 'CT'): 521664 records
        DC: 1 2 3 4 5 6 7 8 9 10 11 12  
            (2011, 'DC'): 43800 records
        DE: 1 2 3 4 5 6 7 8 9 10 11 12  
            (2011, 'DE'): 210312 records
        FL: 1 2 3 4 5 6 7 8 9 10 11 12  
            (2011, 'FL'): 2954280 records
        GA: 1 2 3 4 5 6 7 8 9 10 11 12  
            (2011, 'GA'): 1419120 records
        IA: 1 2 3 4 5 6 7 8 9 10 11 12  
            (2011, 'IA'): 551880 records
        ID: 1 2 3 4 5 6 7 8 9 10 11 12  
            (2011, 'ID'): 61320 records
        IL: 1 2 3 4 5 6 7 8 9 10 11 12  
            (2011, 'IL'): 2264568 records
        IN: 1 2 3 4 5 6 7 8 9 10 11 12  
            (2011, 'IN'): 1449960 records
        KS: 1 2 3 4 5 6 7 8 9 10 11 12  
            (2011, 'KS'): 429240 records
        KY: 1 2 3 4 5 6 7 8 9 10 11 12  
            (2011, 'KY'): 911112 records
        LA: 1 2 3 4 5 6 7 8 9 10 11 12  
            (2011, 'LA'): 821280 records
        MA: 1 2 3 4 5 6 7 8 9 10 11 12  
            (2011, 'MA'): 696528 records
        MD: 1 2 3 4 5 6 7 8 9 10 11 12  
            (2011, 'MD'): 481800 records
        ME: 1 2 3 4 5 6 7 8 9 10 11 12  
            (2011, 'ME'): 113880 records
        MI: 1 2 3 4 5 6 7 8 9 10 11 12  
            (2011, 'MI'): 1318488 records
        MN: 1 2 3 4 5 6 7 8 9 10 11 12  
            (2011, 'MN'): 446760 records
        MO: 1 2 3 4 5 6 7 8 9 10 11 12  
            (2011, 'MO'): 1095000 records
        MS: 1 2 3 4 5 6 7 8 9 10 11 12  
            (2011, 'MS'): 606648 records
        MT: 1 2 3 4 5 6 7 8 9 10 11 12  
            (2011, 'MT'): 131400 records
        NC: 1 2 3 4 5 6 7 8 9 10 11 12  
            (2011, 'NC'): 1537392 records
        ND: 1 2 3 4 5 6 7 8 9 10 11 12  
            (2011, 'ND'): 105120 records
        NE: 1 2 3 4 5 6 7 8 9 10 11 12  
            (2011, 'NE'): 297840 records
        NH: 1 2 3 4 5 6 7 8 9 10 11 12  
            (2011, 'NH'): 109560 records
        NJ: 1 2 3 4 5 6 7 8 9 10 11 12  
            (2011, 'NJ'): 1270224 records
        NM: 1 2 3 4 5 6 7 8 9 10 11 12  
            (2011, 'NM'): 324120 records
        NV: 1 2 3 4 5 6 7 8 9 10 11 12  
            (2011, 'NV'): 582600 records
        NY: 1 2 3 4 5 6 7 8 9 10 11 12  
            (2011, 'NY'): 2532552 records
        OH: 1 2 3 4 5 6 7 8 9 10 11 12  
            (2011, 'OH'): 1450152 records
        OK: 1 2 3 4 5 6 7 8 9 10 11 12  
            (2011, 'OK'): 670200 records
        OR: 1 2 3 4 5 6 7 8 9 10 11 12  
            (2011, 'OR'): 122640 records
        PA: 1 2 3 4 5 6 7 8 9 10 11 12  
            (2011, 'PA'): 1712760 records
        RI: 1 2 3 4 5 6 7 8 9 10 11 12  
            (2011, 'RI'): 96360 records
        SC: 1 2 3 4 5 6 7 8 9 10 11 12  
            (2011, 'SC'): 792936 records
        SD: 1 2 3 4 5 6 7 8 9 10 11 12  
            (2011, 'SD'): 78840 records
        TN: 1 2 3 4 5 6 7 8 9 10 11 12  
            (2011, 'TN'): 854280 records
        TX: 1 2 3 4 5 6 7 8 9 10 11 12  
            (2011, 'TX'): 3315624 records
        UT: 1 2 3 4 5 6 7 8 9 10 11 12  
            (2011, 'UT'): 245280 records
        VA: 1 2 3 4 5 6 7 8 9 10 11 12  
            (2011, 'VA'): 1191504 records
        VT: 1 2 3 4 5 6 7 8 9 10 11 12  
            (2011, 'VT'): 43800 records
        WA: 1 2 3 4 5 6 7 8 9 10 11 12  
            (2011, 'WA'): 175200 records
        WI: 1 2 3 4 5 6 7 8 9 10 11 12  
            (2011, 'WI'): 1029360 records
        WV: 1 2 3 4 5 6 7 8 9 10 11 12  
            (2011, 'WV'): 611208 records
        WY: 1 2 3 4 5 6 7 8 9 10 11 12  
            (2011, 'WY'): 188376 records
    2012:
        AL: 1 2 3 4 5 6 7 8 9 10 11 12  
            (2012, 'AL'): 1045296 records
        AR: 1 2 3 4 5 6 7 8 9 10 11 12  
            (2012, 'AR'): 419424 records
        AZ: 1 2 3 4 5 6 7 8 9 10 11 12  
            (2012, 'AZ'): 799344 records
        CA: 1 2 3 4 5 6 7 8 9 10 11 12  
            (2012, 'CA'): 1980960 records
        CO: 1 2 3 4 5 6 7 8 9 10 11 12  
            (2012, 'CO'): 650016 records
        CT: 1 2 3 4 5 6 7 8 9 10 11 12  
            (2012, 'CT'): 544680 records
        DC: 1 2 3 4 5 6 7 8 9 10 11 12  
            (2012, 'DC'): 39504 records
        DE: 1 2 3 4 5 6 7 8 9 10 11 12  
            (2012, 'DE'): 206448 records
        FL: 1 2 3 4 5 6 7 8 9 10 11 12  
            (2012, 'FL'): 2958000 records
        GA: 1 2 3 4 5 6 7 8 9 10 11 12  
            (2012, 'GA'): 1431792 records
        IA: 1 2 3 4 5 6 7 8 9 10 11 12  
            (2012, 'IA'): 553392 records
        ID: 1 2 3 4 5 6 7 8 9 10 11 12  
            (2012, 'ID'): 68088 records
        IL: 1 2 3 4 5 6 7 8 9 10 11 12  
            (2012, 'IL'): 2143056 records
        IN: 1 2 3 4 5 6 7 8 9 10 11 12  
            (2012, 'IN'): 1433976 records
        KS: 1 2 3 4 5 6 7 8 9 10 11 12  
            (2012, 'KS'): 461136 records
        KY: 1 2 3 4 5 6 7 8 9 10 11 12  
            (2012, 'KY'): 913536 records
        LA: 1 2 3 4 5 6 7 8 9 10 11 12  
            (2012, 'LA'): 799296 records
        MA: 1 2 3 4 5 6 7 8 9 10 11 12  
            (2012, 'MA'): 689544 records
        MD: 1 2 3 4 5 6 7 8 9 10 11 12  
            (2012, 'MD'): 478704 records
        ME: 1 2 3 4 5 6 7 8 9 10 11 12  
            (2012, 'ME'): 114192 records
        MI: 1 2 3 4 5 6 7 8 9 10 11 12  
            (2012, 'MI'): 1308816 records
        MN: 1 2 3 4 5 6 7 8 9 10 11 12  
            (2012, 'MN'): 447984 records
        MO: 1 2 3 4 5 6 7 8 9 10 11 12  
            (2012, 'MO'): 1089216 records
        MS: 1 2 3 4 5 6 7 8 9 10 11 12  
            (2012, 'MS'): 597264 records
        MT: 1 2 3 4 5 6 7 8 9 10 11 12  
            (2012, 'MT'): 131760 records
        NC: 1 2 3 4 5 6 7 8 9 10 11 12  
            (2012, 'NC'): 1460160 records
        ND: 1 2 3 4 5 6 7 8 9 10 11 12  
            (2012, 'ND'): 105408 records
        NE: 1 2 3 4 5 6 7 8 9 10 11 12  
            (2012, 'NE'): 298656 records
        NH: 1 2 3 4 5 6 7 8 9 10 11 12  
            (2012, 'NH'): 109800 records
        NJ: 1 2 3 4 5 6 7 8 9 10 11 12  
            (2012, 'NJ'): 1326528 records
        NM: 1 2 3 4 5 6 7 8 9 10 11 12  
            (2012, 'NM'): 325008 records
        NV: 1 2 3 4 5 6 7 8 9 10 11 12  
            (2012, 'NV'): 584112 records
        NY: 1 2 3 4 5 6 7 8 9 10 11 12  
            (2012, 'NY'): 2538576 records
        OH: 1 2 3 4 5 6 7 8 9 10 11 12  
            (2012, 'OH'): 1455816 records
        OK: 1 2 3 4 5 6 7 8 9 10 11 12  
            (2012, 'OK'): 669768 records
        OR: 1 2 3 4 5 6 7 8 9 10 11 12  
            (2012, 'OR'): 122976 records
        PA: 1 2 3 4 5 6 7 8 9 10 11 12  
            (2012, 'PA'): 1701912 records
        RI: 1 2 3 4 5 6 7 8 9 10 11 12  
            (2012, 'RI'): 96624 records
        SC: 1 2 3 4 5 6 7 8 9 10 11 12  
            (2012, 'SC'): 788352 records
        SD: 1 2 3 4 5 6 7 8 9 10 11 12  
            (2012, 'SD'): 87888 records
        TN: 1 2 3 4 5 6 7 8 9 10 11 12  
            (2012, 'TN'): 867456 records
        TX: 1 2 3 4 5 6 7 8 9 10 11 12  
            (2012, 'TX'): 3337944 records
        UT: 1 2 3 4 5 6 7 8 9 10 11 12  
            (2012, 'UT'): 245952 records
        VA: 1 2 3 4 5 6 7 8 9 10 11 12  
            (2012, 'VA'): 1196784 records
        VT: 1 2 3 4 5 6 7 8 9 10 11 12  
            (2012, 'VT'): 43920 records
        WA: 1 2 3 4 5 6 7 8 9 10 11 12  
            (2012, 'WA'): 184512 records
        WI: 1 2 3 4 5 6 7 8 9 10 11 12  
            (2012, 'WI'): 975024 records
        WV: 1 2 3 4 5 6 7 8 9 10 11 12  
            (2012, 'WV'): 592800 records
        WY: 1 2 3 4 5 6 7 8 9 10 11 12  
            (2012, 'WY'): 193248 records
    2013:
        AL: 1 2 3 4 5 6 7 8 9 10 11 12  
            (2013, 'AL'): 1038240 records
        AR: 1 2 3 4 5 6 7 8 9 10 11 12  
            (2013, 'AR'): 418272 records
        AZ: 1 2 3 4 5 6 7 8 9 10 11 12  
            (2013, 'AZ'): 797160 records
        CA: 1 2 3 4 5 6 7 8 9 10 11 12  
            (2013, 'CA'): 2198904 records
        CO: 1 2 3 4 5 6 7 8 9 10 11 12  
            (2013, 'CO'): 648240 records
        CT: 1 2 3 4 5 6 7 8 9 10 11 12  
            (2013, 'CT'): 552072 records
        DC: 1 2 3 4 5 6 7 8 9 10 11 12  
            (2013, 'DC'): 26280 records
        DE: 1 2 3 4 5 6 7 8 9 10 11 12  
            (2013, 'DE'): 203712 records
        FL: 1 2 3 4 5 6 7 8 9 10 11 12  
            (2013, 'FL'): 2908368 records
        GA: 1 2 3 4 5 6 7 8 9 10 11 12  
            (2013, 'GA'): 1425600 records
        IA: 1 2 3 4 5 6 7 8 9 10 11 12  
            (2013, 'IA'): 534216 records
        ID: 1 2 3 4 5 6 7 8 9 10 11 12  
            (2013, 'ID'): 70080 records
        IL: 1 2 3 4 5 6 7 8 9 10 11 12  
            (2013, 'IL'): 2071848 records
        IN: 1 2 3 4 5 6 7 8 9 10 11 12  
            (2013, 'IN'): 1421496 records
        KS: 1 2 3 4 5 6 7 8 9 10 11 12  
            (2013, 'KS'): 420480 records
        KY: 1 2 3 4 5 6 7 8 9 10 11 12  
            (2013, 'KY'): 904512 records
        LA: 1 2 3 4 5 6 7 8 9 10 11 12  
            (2013, 'LA'): 788400 records
        MA: 1 2 3 4 5 6 7 8 9 10 11 12  
            (2013, 'MA'): 685560 records
        MD: 1 2 3 4 5 6 7 8 9 10 11 12  
            (2013, 'MD'): 429240 records
        ME: 1 2 3 4 5 6 7 8 9 10 11 12  
            (2013, 'ME'): 109464 records
        MI: 1 2 3 4 5 6 7 8 9 10 11 12  
            (2013, 'MI'): 1292208 records
        MN: 1 2 3 4 5 6 7 8 9 10 11 12  
            (2013, 'MN'): 446760 records
        MO: 1 2 3 4 5 6 7 8 9 10 11 12  
            (2013, 'MO'): 1086240 records
        MS: 1 2 3 4 5 6 7 8 9 10 11 12  
            (2013, 'MS'): 586920 records
        MT: 1 2 3 4 5 6 7 8 9 10 11 12  
            (2013, 'MT'): 138000 records
        NC: 1 2 3 4 5 6 7 8 9 10 11 12  
            (2013, 'NC'): 1342416 records
        ND: 1 2 3 4 5 6 7 8 9 10 11 12  
            (2013, 'ND'): 111744 records
        NE: 1 2 3 4 5 6 7 8 9 10 11 12  
            (2013, 'NE'): 297840 records
        NH: 1 2 3 4 5 6 7 8 9 10 11 12  
            (2013, 'NH'): 109560 records
        NJ: 1 2 3 4 5 6 7 8 9 10 11 12  
            (2013, 'NJ'): 1353408 records
        NM: 1 2 3 4 5 6 7 8 9 10 11 12  
            (2013, 'NM'): 330720 records
        NV: 1 2 3 4 5 6 7 8 9 10 11 12  
            (2013, 'NV'): 578160 records
        NY: 1 2 3 4 5 6 7 8 9 10 11 12  
            (2013, 'NY'): 2451360 records
        OH: 1 2 3 4 5 6 7 8 9 10 11 12  
            (2013, 'OH'): 1384416 records
        OK: 1 2 3 4 5 6 7 8 9 10 11 12  
            (2013, 'OK'): 665760 records
        OR: 1 2 3 4 5 6 7 8 9 10 11 12  
            (2013, 'OR'): 122640 records
        PA: 1 2 3 4 5 6 7 8 9 10 11 12  
            (2013, 'PA'): 1682064 records
        RI: 1 2 3 4 5 6 7 8 9 10 11 12  
            (2013, 'RI'): 96360 records
        SC: 1 2 3 4 5 6 7 8 9 10 11 12  
            (2013, 'SC'): 735984 records
        SD: 1 2 3 4 5 6 7 8 9 10 11 12  
            (2013, 'SD'): 105120 records
        TN: 1 2 3 4 5 6 7 8 9 10 11 12  
            (2013, 'TN'): 858648 records
        TX: 1 2 3 4 5 6 7 8 9 10 11 12  
            (2013, 'TX'): 3346344 records
        UT: 1 2 3 4 5 6 7 8 9 10 11 12  
            (2013, 'UT'): 245280 records
        VA: 1 2 3 4 5 6 7 8 9 10 11 12  
            (2013, 'VA'): 1165152 records
        VT: 1 2 3 4 5 6 7 8 9 10 11 12  
            (2013, 'VT'): 43800 records
        WA: 1 2 3 4 5 6 7 8 9 10 11 12  
            (2013, 'WA'): 192720 records
        WI: 1 2 3 4 5 6 7 8 9 10 11 12  
            (2013, 'WI'): 974568 records
        WV: 1 2 3 4 5 6 7 8 9 10 11 12  
            (2013, 'WV'): 525768 records
        WY: 1 2 3 4 5 6 7 8 9 10 11 12  
            (2013, 'WY'): 192720 records
    2014:
        AL: 1 2 3 4 5 6 7 8 9 10 11 12  
            (2014, 'AL'): 1016136 records
        AR: 1 2 3 4 5 6 7 8 9 10 11 12  
            (2014, 'AR'): 359160 records
        AZ: 1 2 3 4 5 6 7 8 9 10 11 12  
            (2014, 'AZ'): 783960 records
        CA: 1 2 3 4 5 6 7 8 9 10 11 12  
            (2014, 'CA'): 2187720 records
        CO: 1 2 3 4 5 6 7 8 9 10 11 12  
            (2014, 'CO'): 630720 records
        CT: 1 2 3 4 5 6 7 8 9 10 11 12  
            (2014, 'CT'): 514848 records
        DC: 1 2 3 4 5 6 7 8 9 10 11 12  
            (2014, 'DC'): 26280 records
        DE: 1 2 3 4 5 6 7 8 9 10 11 12  
            (2014, 'DE'): 192792 records
        FL: 1 2 3 4 5 6 7 8 9 10 11 12  
            (2014, 'FL'): 2925840 records
        GA: 1 2 3 4 5 6 7 8 9 10 11 12  
            (2014, 'GA'): 1410360 records
        IA: 1 2 3 4 5 6 7 8 9 10 11 12  
            (2014, 'IA'): 508080 records
        ID: 1 2 3 4 5 6 7 8 9 10 11 12  
            (2014, 'ID'): 70080 records
        IL: 1 2 3 4 5 6 7 8 9 10 11 12  
            (2014, 'IL'): 2067528 records
        IN: 1 2 3 4 5 6 7 8 9 10 11 12  
            (2014, 'IN'): 1366824 records
        KS: 1 2 3 4 5 6 7 8 9 10 11 12  
            (2014, 'KS'): 416064 records
        KY: 1 2 3 4 5 6 7 8 9 10 11 12  
            (2014, 'KY'): 897936 records
        LA: 1 2 3 4 5 6 7 8 9 10 11 12  
            (2014, 'LA'): 783984 records
        MA: 1 2 3 4 5 6 7 8 9 10 11 12  
            (2014, 'MA'): 661344 records
        MD: 1 2 3 4 5 6 7 8 9 10 11 12  
            (2014, 'MD'): 424824 records
        ME: 1 2 3 4 5 6 7 8 9 10 11 12  
            (2014, 'ME'): 107328 records
        MI: 1 2 3 4 5 6 7 8 9 10 11 12  
            (2014, 'MI'): 1279056 records
        MN: 1 2 3 4 5 6 7 8 9 10 11 12  
            (2014, 'MN'): 446760 records
        MO: 1 2 3 4 5 6 7 8 9 10 11 12  
            (2014, 'MO'): 1086240 records
        MS: 1 2 3 4 5 6 7 8 9 10 11 12  
            (2014, 'MS'): 604440 records
        MT: 1 2 3 4 5 6 7 8 9 10 11 12  
            (2014, 'MT'): 140160 records
        NC: 1 2 3 4 5 6 7 8 9 10 11 12  
            (2014, 'NC'): 1314120 records
        ND: 1 2 3 4 5 6 7 8 9 10 11 12  
            (2014, 'ND'): 146832 records
        NE: 1 2 3 4 5 6 7 8 9 10 11 12  
            (2014, 'NE'): 297840 records
        NH: 1 2 3 4 5 6 7 8 9 10 11 12  
            (2014, 'NH'): 116160 records
        NJ: 1 2 3 4 5 6 7 8 9 10 11 12  
            (2014, 'NJ'): 1329264 records
        NM: 1 2 3 4 5 6 7 8 9 10 11 12  
            (2014, 'NM'): 306600 records
        NV: 1 2 3 4 5 6 7 8 9 10 11 12  
            (2014, 'NV'): 578160 records
        NY: 1 2 3 4 5 6 7 8 9 10 11 12  
            (2014, 'NY'): 2401272 records
        OH: 1 2 3 4 5 6 7 8 9 10 11 12  
            (2014, 'OH'): 1360152 records
        OK: 1 2 3 4 5 6 7 8 9 10 11 12  
            (2014, 'OK'): 665760 records
        OR: 1 2 3 4 5 6 7 8 9 10 11 12  
            (2014, 'OR'): 122640 records
        PA: 1 2 3 4 5 6 7 8 9 10 11 12  
            (2014, 'PA'): 1537248 records
        RI: 1 2 3 4 5 6 7 8 9 10 11 12  
            (2014, 'RI'): 96360 records
        SC: 1 2 3 4 5 6 7 8 9 10 11 12  
            (2014, 'SC'): 714072 records
        SD: 1 2 3 4 5 6 7 8 9 10 11 12  
            (2014, 'SD'): 105120 records
        TN: 1 2 3 4 5 6 7 8 9 10 11 12  
            (2014, 'TN'): 849816 records
        TX: 1 2 3 4 5 6 7 8 9 10 11 12  
            (2014, 'TX'): 3342144 records
        UT: 1 2 3 4 5 6 7 8 9 10 11 12  
            (2014, 'UT'): 258480 records
        VA: 1 2 3 4 5 6 7 8 9 10 11 12  
            (2014, 'VA'): 1163016 records
        VT: 1 2 3 4 5 6 7 8 9 10 11 12  
            (2014, 'VT'): 43800 records
        WA: 1 2 3 4 5 6 7 8 9 10 11 12  
            (2014, 'WA'): 192720 records
        WI: 1 2 3 4 5 6 7 8 9 10 11 12  
            (2014, 'WI'): 981120 records
        WV: 1 2 3 4 5 6 7 8 9 10 11 12  
            (2014, 'WV'): 525768 records
        WY: 1 2 3 4 5 6 7 8 9 10 11 12  
            (2014, 'WY'): 192720 records
    2015:
        AL: 1 2 3 4 5 6 7 8 9 10 11 12  
            (2015, 'AL'): 957096 records
        AR: 1 2 3 4 5 6 7 8 9 10 11 12  
            (2015, 'AR'): 359160 records
        AZ: 1 2 3 4 5 6 7 8 9 10 11 12  
            (2015, 'AZ'): 777432 records
        CA: 1 2 3 4 5 6 7 8 9 10 11 12  
            (2015, 'CA'): 2150472 records
        CO: 1 2 3 4 5 6 7 8 9 10 11 12  
            (2015, 'CO'): 639552 records
        CT: 1 2 3 4 5 6 7 8 9 10 11 12  
            (2015, 'CT'): 508296 records
        DC: 1 2 3 4 5 6 7 8 9 10 11 12  
            (2015, 'DC'): 26280 records
        DE: 1 2 3 4 5 6 7 8 9 10 11 12  
            (2015, 'DE'): 197208 records
        FL: 1 2 3 4 5 6 7 8 9 10 11 12  
            (2015, 'FL'): 2610936 records
        GA: 1 2 3 4 5 6 7 8 9 10 11 12  
            (2015, 'GA'): 1366200 records
        IA: 1 2 3 4 5 6 7 8 9 10 11 12  
            (2015, 'IA'): 508080 records
        ID: 1 2 3 4 5 6 7 8 9 10 11 12  
            (2015, 'ID'): 70080 records
        IL: 1 2 3 4 5 6 7 8 9 10 11 12  
            (2015, 'IL'): 2089464 records
        IN: 1 2 3 4 5 6 7 8 9 10 11 12  
            (2015, 'IN'): 1285656 records
        KS: 1 2 3 4 5 6 7 8 9 10 11 12  
            (2015, 'KS'): 494904 records
        KY: 1 2 3 4 5 6 7 8 9 10 11 12  
            (2015, 'KY'): 882504 records
        LA: 1 2 3 4 5 6 7 8 9 10 11 12  
            (2015, 'LA'): 762048 records
        MA: 1 2 3 4 5 6 7 8 9 10 11 12  
            (2015, 'MA'): 637344 records
        MD: 1 2 3 4 5 6 7 8 9 10 11 12  
            (2015, 'MD'): 424896 records
        ME: 1 2 3 4 5 6 7 8 9 10 11 12  
            (2015, 'ME'): 113880 records
        MI: 1 2 3 4 5 6 7 8 9 10 11 12  
            (2015, 'MI'): 1268136 records
        MN: 1 2 3 4 5 6 7 8 9 10 11 12  
            (2015, 'MN'): 604368 records
        MO: 1 2 3 4 5 6 7 8 9 10 11 12  
            (2015, 'MO'): 1073040 records
        MS: 1 2 3 4 5 6 7 8 9 10 11 12  
            (2015, 'MS'): 595608 records
        MT: 1 2 3 4 5 6 7 8 9 10 11 12  
            (2015, 'MT'): 131328 records
        NC: 1 2 3 4 5 6 7 8 9 10 11 12  
            (2015, 'NC'): 1314120 records
        ND: 1 2 3 4 5 6 7 8 9 10 11 12  
            (2015, 'ND'): 170880 records
        NE: 1 2 3 4 5 6 7 8 9 10 11 12  
            (2015, 'NE'): 402960 records
        NH: 1 2 3 4 5 6 7 8 9 10 11 12  
            (2015, 'NH'): 118320 records
        NJ: 1 2 3 4 5 6 7 8 9 10 11 12  
            (2015, 'NJ'): 1120056 records
        NM: 1 2 3 4 5 6 7 8 9 10 11 12  
            (2015, 'NM'): 306600 records
        NV: 1 2 3 4 5 6 7 8 9 10 11 12  
            (2015, 'NV'): 554160 records
        NY: 1 2 3 4 5 6 7 8 9 10 11 12  
            (2015, 'NY'): 2431872 records
        OH: 1 2 3 4 5 6 7 8 9 10 11 12  
            (2015, 'OH'): 1217520 records
        OK: 1 2 3 4 5 6 7 8 9 10 11 12  
            (2015, 'OK'): 753696 records
        OR: 1 2 3 4 5 6 7 8 9 10 11 12  
            (2015, 'OR'): 122640 records
        PA: 1 2 3 4 5 6 7 8 9 10 11 12  
            (2015, 'PA'): 1495872 records
        RI: 1 2 3 4 5 6 7 8 9 10 11 12  
            (2015, 'RI'): 96360 records
        SC: 1 2 3 4 5 6 7 8 9 10 11 12  
            (2015, 'SC'): 692136 records
        SD: 1 2 3 4 5 6 7 8 9 10 11 12  
            (2015, 'SD'): 105120 records
        TN: 1 2 3 4 5 6 7 8 9 10 11 12  
            (2015, 'TN'): 836736 records
        TX: 1 2 3 4 5 6 7 8 9 10 11 12  
            (2015, 'TX'): 3359568 records
        UT: 1 2 3 4 5 6 7 8 9 10 11 12  
            (2015, 'UT'): 267216 records
        VA: 1 2 3 4 5 6 7 8 9 10 11 12  
            (2015, 'VA'): 1160808 records
        VT: 1 2 3 4 5 6 7 8 9 10 11 12  
            (2015, 'VT'): 43800 records
        WA: 1 2 3 4 5 6 7 8 9 10 11 12  
            (2015, 'WA'): 157680 records
        WI: 1 2 3 4 5 6 7 8 9 10 11 12  
            (2015, 'WI'): 950352 records
        WV: 1 2 3 4 5 6 7 8 9 10 11 12  
            (2015, 'WV'): 499344 records
        WY: 1 2 3 4 5 6 7 8 9 10 11 12  
            (2015, 'WY'): 219000 records
    2016:
        AL: 1 2 3 4 5 6 7 8 9 10 11 12  
            (2016, 'AL'): 891408 records
        AR: 1 2 3 4 5 6 7 8 9 10 11 12  
            (2016, 'AR'): 360144 records
        AZ: 1 2 3 4 5 6 7 8 9 10 11 12  
            (2016, 'AZ'): 779592 records
        CA: 1 2 3 4 5 6 7 8 9 10 11 12  
            (2016, 'CA'): 2165352 records
        CO: 1 2 3 4 5 6 7 8 9 10 11 12  
            (2016, 'CO'): 643440 records
        CT: 1 2 3 4 5 6 7 8 9 10 11 12  
            (2016, 'CT'): 509472 records
        DC: 1 2 3 4 5 6 7 8 9 10 11 12  
            (2016, 'DC'): 26352 records
        DE: 1 2 3 4 5 6 7 8 9 10 11 12  
            (2016, 'DE'): 202032 records
        FL: 1 2 3 4 5 6 7 8 9 10 11 12  
            (2016, 'FL'): 2573664 records
        GA: 1 2 3 4 5 6 7 8 9 10 11 12  
            (2016, 'GA'): 1280208 records
        IA: 1 2 3 4 5 6 7 8 9 10 11 12  
            (2016, 'IA'): 487488 records
        ID: 1 2 3 4 5 6 7 8 9 10 11 12  
            (2016, 'ID'): 70272 records
        IL: 1 2 3 4 5 6 7 8 9 10 11 12  
            (2016, 'IL'): 2088360 records
        IN: 1 2 3 4 5 6 7 8 9 10 11 12  
            (2016, 'IN'): 1229544 records
        KS: 1 2 3 4 5 6 7 8 9 10 11 12  
            (2016, 'KS'): 465552 records
        KY: 1 2 3 4 5 6 7 8 9 10 11 12  
            (2016, 'KY'): 843288 records
        LA: 1 2 3 4 5 6 7 8 9 10 11 12  
            (2016, 'LA'): 717912 records
        MA: 1 2 3 4 5 6 7 8 9 10 11 12  
            (2016, 'MA'): 628056 records
        MD: 1 2 3 4 5 6 7 8 9 10 11 12  
            (2016, 'MD'): 439200 records
        ME: 1 2 3 4 5 6 7 8 9 10 11 12  
            (2016, 'ME'): 114192 records
        MI: 1 2 3 4 5 6 7 8 9 10 11 12  
            (2016, 'MI'): 1220664 records
        MN: 1 2 3 4 5 6 7 8 9 10 11 12  
            (2016, 'MN'): 575328 records
        MO: 1 2 3 4 5 6 7 8 9 10 11 12  
            (2016, 'MO'): 1062864 records
        MS: 1 2 3 4 5 6 7 8 9 10 11 12  
            (2016, 'MS'): 584112 records
        MT: 1 2 3 4 5 6 7 8 9 10 11 12  
            (2016, 'MT'): 122976 records
        NC: 1 2 3 4 5 6 7 8 9 10 11 12  
            (2016, 'NC'): 1273656 records
        ND: 1 2 3 4 5 6 7 8 9 10 11 12  
            (2016, 'ND'): 182304 records
        NE: 1 2 3 4 5 6 7 8 9 10 11 12  
            (2016, 'NE'): 404064 records
        NH: 1 2 3 4 5 6 7 8 9 10 11 12  
            (2016, 'NH'): 118584 records
        NJ: 1 2 3 4 5 6 7 8 9 10 11 12  
            (2016, 'NJ'): 913536 records
        NM: 1 2 3 4 5 6 7 8 9 10 11 12  
            (2016, 'NM'): 303024 records
        NV: 1 2 3 4 5 6 7 8 9 10 11 12  
            (2016, 'NV'): 562176 records
        NY: 1 2 3 4 5 6 7 8 9 10 11 12  
            (2016, 'NY'): 2430936 records
        OH: 1 2 3 4 5 6 7 8 9 10 11 12  
            (2016, 'OH'): 1115544 records
        OK: 1 2 3 4 5 6 7 8 9 10 11 12  
            (2016, 'OK'): 751008 records
        OR: 1 2 3 4 5 6 7 8 9 10 11 12  
            (2016, 'OR'): 127392 records
        PA: 1 2 3 4 5 6 7 8 9 10 11 12  
            (2016, 'PA'): 1477992 records
        RI: 1 2 3 4 5 6 7 8 9 10 11 12  
            (2016, 'RI'): 96624 records
        SC: 1 2 3 4 5 6 7 8 9 10 11 12  
            (2016, 'SC'): 680760 records
        SD: 1 2 3 4 5 6 7 8 9 10 11 12  
            (2016, 'SD'): 105408 records
        TN: 1 2 3 4 5 6 7 8 9 10 11 12  
            (2016, 'TN'): 838872 records
        TX: 1 2 3 4 5 6 7 8 9 10 11 12  
            (2016, 'TX'): 3353232 records
        UT: 1 2 3 4 5 6 7 8 9 10 11 12  
            (2016, 'UT'): 272304 records
        VA: 1 2 3 4 5 6 7 8 9 10 11 12  
            (2016, 'VA'): 1148544 records
        VT: 1 2 3 4 5 6 7 8 9 10 11 12  
            (2016, 'VT'): 43920 records
        WA: 1 2 3 4 5 6 7 8 9 10 11 12  
            (2016, 'WA'): 158112 records
        WI: 1 2 3 4 5 6 7 8 9 10 11 12  
            (2016, 'WI'): 895968 records
        WV: 1 2 3 4 5 6 7 8 9 10 11 12  
            (2016, 'WV'): 452376 records
        WY: 1 2 3 4 5 6 7 8 9 10 11 12  
            (2016, 'WY'): 219600 records
    2017:
        AL: 1 2 3 4 5 6 7 8 9 10 11 12  
            (2017, 'AL'): 858552 records
        AR: 1 2 3 4 5 6 7 8 9 10 11 12  
            (2017, 'AR'): 359160 records
        AZ: 1 2 3 4 5 6 7 8 9 10 11 12  
            (2017, 'AZ'): 779640 records
        CA: 1 2 3 4 5 6 7 8 9 10 11 12  
            (2017, 'CA'): 2150568 records
        CO: 1 2 3 4 5 6 7 8 9 10 11 12  
            (2017, 'CO'): 639480 records
        CT: 1 2 3 4 5 6 7 8 9 10 11 12  
            (2017, 'CT'): 508296 records
        DC: 1 2 3 4 5 6 7 8 9 10 11 12  
            (2017, 'DC'): 26280 records
        DE: 1 2 3 4 5 6 7 8 9 10 11 12  
            (2017, 'DE'): 197136 records
        FL: 1 2 3 4 5 6 7 8 9 10 11 12  
            (2017, 'FL'): 1852728 records
        GA: 1 2 3 4 5 6 7 8 9 10 11 12  
            (2017, 'GA'): 1250520 records
        IA: 1 2 3 4 5 6 7 8 9 10 11 12  
            (2017, 'IA'): 464064 records
        ID: 1 2 3 4 5 6 7 8 9 10 11 12  
            (2017, 'ID'): 70080 records
        IL: 1 2 3 4 5 6 7 8 9 10 11 12  
            (2017, 'IL'): 1985664 records
        IN: 1 2 3 4 5 6 7 8 9 10 11 12  
            (2017, 'IN'): 1187280 records
        KS: 1 2 3 4 5 6 7 8 9 10 11 12  
            (2017, 'KS'): 464280 records
        KY: 1 2 3 4 5 6 7 8 9 10 11 12  
            (2017, 'KY'): 862848 records
        LA: 1 2 3 4 5 6 7 8 9 10 11 12  
            (2017, 'LA'): 659064 records
        MA: 1 2 3 4 5 6 7 8 9 10 11 12  
            (2017, 'MA'): 604392 records
        MD: 1 2 3 4 5 6 7 8 9 10 11 12  
            (2017, 'MD'): 438000 records
        ME: 1 2 3 4 5 6 7 8 9 10 11 12  
            (2017, 'ME'): 113880 records
        MI: 1 2 3 4 5 6 7 8 9 10 11 12  
            (2017, 'MI'): 1160832 records
        MN: 1 2 3 4 5 6 7 8 9 10 11 12  
            (2017, 'MN'): 569400 records
        MO: 1 2 3 4 5 6 7 8 9 10 11 12  
            (2017, 'MO'): 1051200 records
        MS: 1 2 3 4 5 6 7 8 9 10 11 12  
            (2017, 'MS'): 569400 records
        MT: 1 2 3 4 5 6 7 8 9 10 11 12  
            (2017, 'MT'): 122640 records
        NC: 1 2 3 4 5 6 7 8 9 10 11 12  
            (2017, 'NC'): 1261512 records
        ND: 1 2 3 4 5 6 7 8 9 10 11 12  
            (2017, 'ND'): 183888 records
        NE: 1 2 3 4 5 6 7 8 9 10 11 12  
            (2017, 'NE'): 400752 records
        NH: 1 2 3 4 5 6 7 8 9 10 11 12  
            (2017, 'NH'): 118320 records
        NJ: 1 2 3 4 5 6 7 8 9 10 11 12  
            (2017, 'NJ'): 897792 records
        NM: 1 2 3 4 5 6 7 8 9 10 11 12  
            (2017, 'NM'): 297840 records
        NV: 1 2 3 4 5 6 7 8 9 10 11 12  
            (2017, 'NV'): 519000 records
        NY: 1 2 3 4 5 6 7 8 9 10 11 12  
            (2017, 'NY'): 2418720 records
        OH: 1 2 3 4 5 6 7 8 9 10 11 12  
            (2017, 'OH'): 1126080 records
        OK: 1 2 3 4 5 6 7 8 9 10 11 12  
            (2017, 'OK'): 749112 records
        OR: 1 2 3 4 5 6 7 8 9 10 11 12  
            (2017, 'OR'): 131400 records
        PA: 1 2 3 4 5 6 7 8 9 10 11 12  
            (2017, 'PA'): 1476144 records
        RI: 1 2 3 4 5 6 7 8 9 10 11 12  
            (2017, 'RI'): 96360 records
        SC: 1 2 3 4 5 6 7 8 9 10 11 12  
            (2017, 'SC'): 670200 records
        SD: 1 2 3 4 5 6 7 8 9 10 11 12  
            (2017, 'SD'): 105120 records
        TN: 1 2 3 4 5 6 7 8 9 10 11 12  
            (2017, 'TN'): 854352 records
        TX: 1 2 3 4 5 6 7 8 9 10 11 12  
            (2017, 'TX'): 3379200 records
        UT: 1 2 3 4 5 6 7 8 9 10 11 12  
            (2017, 'UT'): 254040 records
        VA: 1 2 3 4 5 6 7 8 9 10 11 12  
            (2017, 'VA'): 1156488 records
        VT: 1 2 3 4 5 6 7 8 9 10 11 12  
            (2017, 'VT'): 43800 records
        WA: 1 2 3 4 5 6 7 8 9 10 11 12  
            (2017, 'WA'): 157680 records
        WI: 1 2 3 4 5 6 7 8 9 10 11 12  
            (2017, 'WI'): 911040 records
        WV: 1 2 3 4 5 6 7 8 9 10 11 12  
            (2017, 'WV'): 402816 records
        WY: 1 2 3 4 5 6 7 8 9 10 11 12  
            (2017, 'WY'): 219000 records
    2018:
        AL: 1 2 3 4 5 6 7 8 9 10 11 12  
            (2018, 'AL'): 854160 records
        AR: 1 2 3 4 5 6 7 8 9 10 11 12  
            (2018, 'AR'): 359160 records
        AZ: 1 2 3 4 5 6 7 8 9 10 11 12  
            (2018, 'AZ'): 779640 records
        CA: 1 2 3 4 5 6 7 8 9 10 11 12  
            (2018, 'CA'): 2165976 records
        CO: 1 2 3 4 5 6 7 8 9 10 11 12  
            (2018, 'CO'): 621960 records
        CT: 1 2 3 4 5 6 7 8 9 10 11 12  
            (2018, 'CT'): 530328 records
        DC: 1 2 3 4 5 6 7 8 9 10 11 12  
            (2018, 'DC'): 26280 records
        DE: 1 2 3 4 5 6 7 8 9 10 11 12  
            (2018, 'DE'): 192768 records
        FL: 1 2 3 4 5 6 7 8 9 10 11 12  
            (2018, 'FL'): 1824216 records
        GA: 1 2 3 4 5 6 7 8 9 10 11 12  
            (2018, 'GA'): 1252680 records
        IA: 1 2 3 4 5 6 7 8 9 10 11 12  
            (2018, 'IA'): 385224 records
        ID: 1 2 3 4 5 6 7 8 9 10 11 12  
            (2018, 'ID'): 70080 records
        IL: 1 2 3 4 5 6 7 8 9 10 11 12  
            (2018, 'IL'): 2056440 records
        IN: 1 2 3 4 5 6 7 8 9 10 11 12  
            (2018, 'IN'): 1213440 records
        KS: 1 2 3 4 5 6 7 8 9 10 11 12  
            (2018, 'KS'): 457656 records
        KY: 1 2 3 4 5 6 7 8 9 10 11 12  
            (2018, 'KY'): 858552 records
        LA: 1 2 3 4 5 6 7 8 9 10 11 12  
            (2018, 'LA'): 648240 records
        MA: 1 2 3 4 5 6 7 8 9 10 11 12  
            (2018, 'MA'): 598032 records
        MD: 1 2 3 4 5 6 7 8 9 10 11 12  
            (2018, 'MD'): 508368 records
        ME: 1 2 3 4 5 6 7 8 9 10 11 12  
            (2018, 'ME'): 109464 records
        MI: 1 2 3 4 5 6 7 8 9 10 11 12  
            (2018, 'MI'): 1147680 records
        MN: 1 2 3 4 5 6 7 8 9 10 11 12  
            (2018, 'MN'): 567240 records
        MO: 1 2 3 4 5 6 7 8 9 10 11 12  
            (2018, 'MO'): 1048992 records
        MS: 1 2 3 4 5 6 7 8 9 10 11 12  
            (2018, 'MS'): 558360 records
        MT: 1 2 3 4 5 6 7 8 9 10 11 12  
            (2018, 'MT'): 122640 records
        NC: 1 2 3 4 5 6 7 8 9 10 11 12  
            (2018, 'NC'): 1248312 records
        ND: 1 2 3 4 5 6 7 8 9 10 11 12  
            (2018, 'ND'): 175200 records
        NE: 1 2 3 4 5 6 7 8 9 10 11 12  
            (2018, 'NE'): 374400 records
        NH: 1 2 3 4 5 6 7 8 9 10 11 12  
            (2018, 'NH'): 118320 records
        NJ: 1 2 3 4 5 6 7 8 9 10 11 12  
            (2018, 'NJ'): 884712 records
        NM: 1 2 3 4 5 6 7 8 9 10 11 12  
            (2018, 'NM'): 280320 records
        NV: 1 2 3 4 5 6 7 8 9 10 11 12  
            (2018, 'NV'): 516840 records
        NY: 1 2 3 4 5 6 7 8 9 10 11 12  
            (2018, 'NY'): 2387928 records
        OH: 1 2 3 4 5 6 7 8 9 10 11 12  
            (2018, 'OH'): 1130232 records
        OK: 1 2 3 4 5 6 7 8 9 10 11 12  
            (2018, 'OK'): 795096 records
        OR: 1 2 3 4 5 6 7 8 9 10 11 12  
            (2018, 'OR'): 131400 records
        PA: 1 2 3 4 5 6 7 8 9 10 11 12  
            (2018, 'PA'): 1513776 records
        RI: 1 2 3 4 5 6 7 8 9 10 11 12  
            (2018, 'RI'): 96360 records
        SC: 1 2 3 4 5 6 7 8 9 10 11 12  
            (2018, 'SC'): 668112 records
        SD: 1 2 3 4 5 6 7 8 9 10 11 12  
            (2018, 'SD'): 105120 records
        TN: 1 2 3 4 5 6 7 8 9 10 11 12  
            (2018, 'TN'): 792960 records
        TX: 1 2 3 4 5 6 7 8 9 10 11 12  
            (2018, 'TX'): 3335184 records
        UT: 1 2 3 4 5 6 7 8 9 10 11 12  
            (2018, 'UT'): 254040 records
        VA: 1 2 3 4 5 6 7 8 9 10 11 12  
            (2018, 'VA'): 1156296 records
        VT: 1 2 3 4 5 6 7 8 9 10 11 12  
            (2018, 'VT'): 43800 records
        WA: 1 2 3 4 5 6 7 8 9 10 11 12  
            (2018, 'WA'): 148848 records
        WI: 1 2 3 4 5 6 7 8 9 10 11 12  
            (2018, 'WI'): 900000 records
        WV: 1 2 3 4 5 6 7 8 9 10 11 12  
            (2018, 'WV'): 429360 records
        WY: 1 2 3 4 5 6 7 8 9 10 11 12  
/home/karl/.conda/envs/pudl/lib/python3.6/site-packages/pyarrow/pandas_compat.py:114: FutureWarning: A future version of pandas will default to `skipna=True`. To silence this warning, pass `skipna=True|False` explicitly.
  result = infer_dtype(pandas_collection)
/home/karl/.conda/envs/pudl/lib/python3.6/site-packages/pyarrow/pandas_compat.py:708: FutureWarning: .labels was deprecated in version 0.24.0. Use .codes instead.
  labels = getattr(columns, 'labels', None) or [
/home/karl/.conda/envs/pudl/lib/python3.6/site-packages/pyarrow/pandas_compat.py:735: FutureWarning: the 'labels' keyword is deprecated, use 'codes' instead
  return pd.MultiIndex(levels=new_levels, labels=labels, names=columns.names)
/home/karl/.conda/envs/pudl/lib/python3.6/site-packages/pyarrow/pandas_compat.py:752: FutureWarning: .labels was deprecated in version 0.24.0. Use .codes instead.
  labels, = index.labels
            (2018, 'WY'): 219000 records
